[2944607.060]  -> wl_display@1.get_registry(new id wl_registry@2)
[2944607.701]  -> wl_display@1.sync(new id wl_callback@3)
[2944607.772] wl_display@1.delete_id(3)
[2944607.778] wl_registry@2.global(1, "wl_shm", 1)
[2944607.782]  -> wl_registry@2.bind(1, "wl_shm", 1, new id [unknown]@4)
[2944607.787] wl_registry@2.global(2, "wl_drm", 2)
[2944607.791] wl_registry@2.global(3, "zwp_linux_dmabuf_v1", 4)
[2944607.794] wl_registry@2.global(4, "wl_compositor", 5)
[2944607.797]  -> wl_registry@2.bind(4, "wl_compositor", 4, new id [unknown]@5)
[2944607.800] wl_registry@2.global(5, "wl_subcompositor", 1)
[2944607.803]  -> wl_registry@2.bind(5, "wl_subcompositor", 1, new id [unknown]@6)
[2944607.805] wl_registry@2.global(6, "wl_data_device_manager", 3)
[2944607.808]  -> wl_registry@2.bind(6, "wl_data_device_manager", 3, new id [unknown]@7)
[2944607.810] wl_registry@2.global(7, "zwlr_gamma_control_manager_v1", 1)
[2944607.813] wl_registry@2.global(8, "zxdg_output_manager_v1", 3)
[2944607.815]  -> wl_registry@2.bind(8, "zxdg_output_manager_v1", 3, new id [unknown]@8)
[2944607.818] wl_registry@2.global(9, "org_kde_kwin_idle", 1)
[2944607.820] wl_registry@2.global(10, "ext_idle_notifier_v1", 1)
[2944607.823] wl_registry@2.global(11, "zwp_idle_inhibit_manager_v1", 1)
[2944607.826] wl_registry@2.global(12, "zwlr_layer_shell_v1", 4)
[2944607.828] wl_registry@2.global(13, "xdg_wm_base", 2)
[2944607.830] wl_registry@2.global(14, "zwp_tablet_manager_v2", 1)
[2944607.833]  -> wl_registry@2.bind(14, "zwp_tablet_manager_v2", 1, new id [unknown]@9)
[2944607.835] wl_registry@2.global(15, "org_kde_kwin_server_decoration_manager", 1)
[2944607.838] wl_registry@2.global(16, "zxdg_decoration_manager_v1", 1)
[2944607.840] wl_registry@2.global(17, "zwp_relative_pointer_manager_v1", 1)
[2944607.843] wl_registry@2.global(18, "zwp_pointer_constraints_v1", 1)
[2944607.845] wl_registry@2.global(19, "wp_presentation", 1)
[2944607.848] wl_registry@2.global(20, "zwlr_output_manager_v1", 4)
[2944607.850] wl_registry@2.global(21, "zwlr_output_power_manager_v1", 1)
[2944607.853] wl_registry@2.global(22, "zwp_input_method_manager_v2", 1)
[2944607.855] wl_registry@2.global(23, "zwp_text_input_manager_v3", 1)
[2944607.857] wl_registry@2.global(24, "zwlr_foreign_toplevel_manager_v1", 3)
[2944607.859] wl_registry@2.global(25, "ext_session_lock_manager_v1", 1)
[2944607.862] wl_registry@2.global(26, "wp_drm_lease_device_v1", 1)
[2944607.864] wl_registry@2.global(27, "wp_drm_lease_device_v1", 1)
[2944607.867] wl_registry@2.global(28, "zwlr_export_dmabuf_manager_v1", 1)
[2944607.871] wl_registry@2.global(29, "zwlr_screencopy_manager_v1", 3)
[2944607.874] wl_registry@2.global(30, "zwlr_data_control_manager_v1", 2)
[2944607.876] wl_registry@2.global(31, "zwp_primary_selection_device_manager_v1", 1)
[2944607.879]  -> wl_registry@2.bind(31, "zwp_primary_selection_device_manager_v1", 1, new id [unknown]@10)
[2944607.882] wl_registry@2.global(32, "wp_viewporter", 1)
[2944607.885]  -> wl_registry@2.bind(32, "wp_viewporter", 1, new id [unknown]@11)
[2944607.888] wl_registry@2.global(33, "wp_single_pixel_buffer_manager_v1", 1)
[2944607.891] wl_registry@2.global(34, "zxdg_exporter_v1", 1)
[2944607.893] wl_registry@2.global(35, "zxdg_importer_v1", 1)
[2944607.896] wl_registry@2.global(36, "zxdg_exporter_v2", 1)
[2944607.897] wl_registry@2.global(37, "zxdg_importer_v2", 1)
[2944607.900] wl_registry@2.global(38, "xdg_activation_v1", 1)
[2944607.902] wl_registry@2.global(39, "zwp_virtual_keyboard_manager_v1", 1)
[2944607.905] wl_registry@2.global(40, "zwlr_virtual_pointer_manager_v1", 2)
[2944607.906] wl_registry@2.global(41, "zwlr_input_inhibit_manager_v1", 1)
[2944607.909] wl_registry@2.global(42, "zwp_keyboard_shortcuts_inhibit_manager_v1", 1)
[2944607.911] wl_registry@2.global(43, "wl_seat", 8)
[2944607.914]  -> wl_registry@2.bind(43, "wl_seat", 8, new id [unknown]@12)
[2944607.918]  -> wl_data_device_manager@7.get_data_device(new id wl_data_device@13, wl_seat@12)
[2944607.921]  -> zwp_primary_selection_device_manager_v1@10.get_device(new id zwp_primary_selection_device_v1@14, wl_seat@12)
[2944607.929]  -> zwp_tablet_manager_v2@9.get_tablet_seat(new id zwp_tablet_seat_v2@15, wl_seat@12)
[2944607.936] wl_registry@2.global(44, "zwp_pointer_gestures_v1", 3)
[2944607.939]  -> wl_registry@2.bind(44, "zwp_pointer_gestures_v1", 1, new id [unknown]@16)
[2944607.942] wl_registry@2.global(45, "wl_output", 4)
[2944607.945]  -> wl_registry@2.bind(45, "wl_output", 3, new id [unknown]@17)
[2944607.949]  -> zxdg_output_manager_v1@8.get_xdg_output(new id zxdg_output_v1@18, wl_output@17)
[2944607.952] wl_callback@3.done(186)
[2944607.954]  -> wl_display@1.sync(new id wl_callback@3)
[2944608.013] wl_display@1.delete_id(3)
[2944608.016] wl_shm@4.format(0)
[2944608.018] wl_shm@4.format(1)
[2944608.021] wl_shm@4.format(875709016)
[2944608.023] wl_shm@4.format(875708993)
[2944608.025] wl_shm@4.format(875710274)
[2944608.027] wl_shm@4.format(842094674)
[2944608.029] wl_shm@4.format(842088786)
[2944608.031] wl_shm@4.format(892426322)
[2944608.033] wl_shm@4.format(892420434)
[2944608.036] wl_shm@4.format(909199186)
[2944608.037] wl_shm@4.format(808665688)
[2944608.040] wl_shm@4.format(808665665)
[2944608.041] wl_shm@4.format(1211384408)
[2944608.044] wl_shm@4.format(1211384385)
[2944608.046] wl_shm@4.format(942948952)
[2944608.048] wl_shm@4.format(942948929)
[2944608.050] wl_seat@12.name("seat0")
[2944608.053] wl_seat@12.capabilities(3)
[2944608.056]  -> wl_seat@12.get_keyboard(new id wl_keyboard@19)
[2944608.059]  -> wl_seat@12.get_pointer(new id wl_pointer@20)
[2944608.069]  -> wl_seat@12.get_pointer(new id wl_pointer@21)
[2944608.072]  -> zwp_pointer_gestures_v1@16.get_pinch_gesture(new id zwp_pointer_gesture_pinch_v1@22, wl_pointer@21)
[2944608.075]  -> wl_seat@12.get_pointer(new id wl_pointer@23)
[2944608.079]  -> zwp_pointer_gestures_v1@16.get_swipe_gesture(new id zwp_pointer_gesture_swipe_v1@24, wl_pointer@23)
[2944608.081] wl_output@17.geometry(0, 0, 700, 400, 2, "Dell Inc.", "DELL S3222DGM", 0)
[2944608.084] wl_output@17.mode(1, 2560, 1440, 165080)
[2944608.087] wl_output@17.scale(1)
[2944608.090] wl_output@17.done()
[2944608.091] zxdg_output_v1@18.name("DP-1")
[2944608.095] zxdg_output_v1@18.description("Dell Inc. DELL S3222DGM CM4FT63 (DP-1)")
[2944608.097] zxdg_output_v1@18.logical_position(0, 0)
[2944608.099] zxdg_output_v1@18.logical_size(2560, 1440)
[2944608.101] wl_output@17.done()
[2944608.110] wl_callback@3.done(186)
[2944608.660]  -> wl_registry@2.bind(13, "xdg_wm_base", 2, new id [unknown]@3)
[2944608.669]  -> wl_registry@2.bind(16, "zxdg_decoration_manager_v1", 1, new id [unknown]@25)
[2944608.673]  -> wl_registry@2.bind(36, "zxdg_exporter_v2", 1, new id [unknown]@26)
[2944608.676]  -> wl_registry@2.bind(38, "xdg_activation_v1", 1, new id [unknown]@27)
[2944628.273] wl_keyboard@19.keymap(1, fd 14, 68374)
[2944629.215] wl_keyboard@19.repeat_info(25, 600)
[2944671.894]  -> wl_display@1.get_registry(new id wl_registry@28)
[2944671.907]  -> wl_display@1.sync(new id wl_callback@29)
[2944672.003] wl_display@1.delete_id(29)
[2944672.019] wl_registry@28.global(1, "wl_shm", 1)
[2944672.025] wl_registry@28.global(2, "wl_drm", 2)
[2944672.029] wl_registry@28.global(3, "zwp_linux_dmabuf_v1", 4)
[2944672.034] wl_registry@28.global(4, "wl_compositor", 5)
[2944672.038] wl_registry@28.global(5, "wl_subcompositor", 1)
[2944672.042] wl_registry@28.global(6, "wl_data_device_manager", 3)
[2944672.045] wl_registry@28.global(7, "zwlr_gamma_control_manager_v1", 1)
[2944672.049] wl_registry@28.global(8, "zxdg_output_manager_v1", 3)
[2944672.052] wl_registry@28.global(9, "org_kde_kwin_idle", 1)
[2944672.056] wl_registry@28.global(10, "ext_idle_notifier_v1", 1)
[2944672.059] wl_registry@28.global(11, "zwp_idle_inhibit_manager_v1", 1)
[2944672.063] wl_registry@28.global(12, "zwlr_layer_shell_v1", 4)
[2944672.066] wl_registry@28.global(13, "xdg_wm_base", 2)
[2944672.070] wl_registry@28.global(14, "zwp_tablet_manager_v2", 1)
[2944672.074] wl_registry@28.global(15, "org_kde_kwin_server_decoration_manager", 1)
[2944672.077] wl_registry@28.global(16, "zxdg_decoration_manager_v1", 1)
[2944672.081] wl_registry@28.global(17, "zwp_relative_pointer_manager_v1", 1)
[2944672.094] wl_registry@28.global(18, "zwp_pointer_constraints_v1", 1)
[2944672.097] wl_registry@28.global(19, "wp_presentation", 1)
[2944672.101] wl_registry@28.global(20, "zwlr_output_manager_v1", 4)
[2944672.105] wl_registry@28.global(21, "zwlr_output_power_manager_v1", 1)
[2944672.108] wl_registry@28.global(22, "zwp_input_method_manager_v2", 1)
[2944672.111] wl_registry@28.global(23, "zwp_text_input_manager_v3", 1)
[2944672.115] wl_registry@28.global(24, "zwlr_foreign_toplevel_manager_v1", 3)
[2944672.118] wl_registry@28.global(25, "ext_session_lock_manager_v1", 1)
[2944672.121] wl_registry@28.global(26, "wp_drm_lease_device_v1", 1)
[2944672.125] wl_registry@28.global(27, "wp_drm_lease_device_v1", 1)
[2944672.128] wl_registry@28.global(28, "zwlr_export_dmabuf_manager_v1", 1)
[2944672.131] wl_registry@28.global(29, "zwlr_screencopy_manager_v1", 3)
[2944672.134] wl_registry@28.global(30, "zwlr_data_control_manager_v1", 2)
[2944672.138] wl_registry@28.global(31, "zwp_primary_selection_device_manager_v1", 1)
[2944672.141] wl_registry@28.global(32, "wp_viewporter", 1)
[2944672.145] wl_registry@28.global(33, "wp_single_pixel_buffer_manager_v1", 1)
[2944672.148] wl_registry@28.global(34, "zxdg_exporter_v1", 1)
[2944672.151] wl_registry@28.global(35, "zxdg_importer_v1", 1)
[2944672.155] wl_registry@28.global(36, "zxdg_exporter_v2", 1)
[2944672.159] wl_registry@28.global(37, "zxdg_importer_v2", 1)
[2944672.162] wl_registry@28.global(38, "xdg_activation_v1", 1)
[2944672.165] wl_registry@28.global(39, "zwp_virtual_keyboard_manager_v1", 1)
[2944672.168] wl_registry@28.global(40, "zwlr_virtual_pointer_manager_v1", 2)
[2944672.171] wl_registry@28.global(41, "zwlr_input_inhibit_manager_v1", 1)
[2944672.175] wl_registry@28.global(42, "zwp_keyboard_shortcuts_inhibit_manager_v1", 1)
[2944672.178] wl_registry@28.global(43, "wl_seat", 8)
[2944672.182] wl_registry@28.global(44, "zwp_pointer_gestures_v1", 3)
[2944672.186] wl_registry@28.global(45, "wl_output", 4)
[2944672.190] wl_callback@29.done(186)
[2944673.995]  -> wl_display@1.get_registry(new id wl_registry@29)
[2944674.004]  -> wl_display@1.sync(new id wl_callback@30)
[2944674.051] wl_display@1.delete_id(30)
[2944674.055] wl_registry@29.global(1, "wl_shm", 1)
[2944674.058] wl_registry@29.global(2, "wl_drm", 2)
[2944674.061] wl_registry@29.global(3, "zwp_linux_dmabuf_v1", 4)
[2944674.063]  -> wl_registry@29.bind(3, "zwp_linux_dmabuf_v1", 4, new id [unknown]@31)
[2944674.067] wl_registry@29.global(4, "wl_compositor", 5)
[2944674.068] wl_registry@29.global(5, "wl_subcompositor", 1)
[2944674.071] wl_registry@29.global(6, "wl_data_device_manager", 3)
[2944674.073] wl_registry@29.global(7, "zwlr_gamma_control_manager_v1", 1)
[2944674.076] wl_registry@29.global(8, "zxdg_output_manager_v1", 3)
[2944674.078] wl_registry@29.global(9, "org_kde_kwin_idle", 1)
[2944674.080] wl_registry@29.global(10, "ext_idle_notifier_v1", 1)
[2944674.082] wl_registry@29.global(11, "zwp_idle_inhibit_manager_v1", 1)
[2944674.085] wl_registry@29.global(12, "zwlr_layer_shell_v1", 4)
[2944674.087] wl_registry@29.global(13, "xdg_wm_base", 2)
[2944674.089] wl_registry@29.global(14, "zwp_tablet_manager_v2", 1)
[2944674.091] wl_registry@29.global(15, "org_kde_kwin_server_decoration_manager", 1)
[2944674.094] wl_registry@29.global(16, "zxdg_decoration_manager_v1", 1)
[2944674.095] wl_registry@29.global(17, "zwp_relative_pointer_manager_v1", 1)
[2944674.098] wl_registry@29.global(18, "zwp_pointer_constraints_v1", 1)
[2944674.101] wl_registry@29.global(19, "wp_presentation", 1)
[2944674.103] wl_registry@29.global(20, "zwlr_output_manager_v1", 4)
[2944674.105] wl_registry@29.global(21, "zwlr_output_power_manager_v1", 1)
[2944674.108] wl_registry@29.global(22, "zwp_input_method_manager_v2", 1)
[2944674.110] wl_registry@29.global(23, "zwp_text_input_manager_v3", 1)
[2944674.113] wl_registry@29.global(24, "zwlr_foreign_toplevel_manager_v1", 3)
[2944674.115] wl_registry@29.global(25, "ext_session_lock_manager_v1", 1)
[2944674.118] wl_registry@29.global(26, "wp_drm_lease_device_v1", 1)
[2944674.119] wl_registry@29.global(27, "wp_drm_lease_device_v1", 1)
[2944674.127] wl_registry@29.global(28, "zwlr_export_dmabuf_manager_v1", 1)
[2944674.129] wl_registry@29.global(29, "zwlr_screencopy_manager_v1", 3)
[2944674.132] wl_registry@29.global(30, "zwlr_data_control_manager_v1", 2)
[2944674.135] wl_registry@29.global(31, "zwp_primary_selection_device_manager_v1", 1)
[2944674.137] wl_registry@29.global(32, "wp_viewporter", 1)
[2944674.140] wl_registry@29.global(33, "wp_single_pixel_buffer_manager_v1", 1)
[2944674.142] wl_registry@29.global(34, "zxdg_exporter_v1", 1)
[2944674.144] wl_registry@29.global(35, "zxdg_importer_v1", 1)
[2944674.146] wl_registry@29.global(36, "zxdg_exporter_v2", 1)
[2944674.148] wl_registry@29.global(37, "zxdg_importer_v2", 1)
[2944674.151] wl_registry@29.global(38, "xdg_activation_v1", 1)
[2944674.153] wl_registry@29.global(39, "zwp_virtual_keyboard_manager_v1", 1)
[2944674.155] wl_registry@29.global(40, "zwlr_virtual_pointer_manager_v1", 2)
[2944674.158] wl_registry@29.global(41, "zwlr_input_inhibit_manager_v1", 1)
[2944674.160] wl_registry@29.global(42, "zwp_keyboard_shortcuts_inhibit_manager_v1", 1)
[2944674.162] wl_registry@29.global(43, "wl_seat", 8)
[2944674.165] wl_registry@29.global(44, "zwp_pointer_gestures_v1", 3)
[2944674.166] wl_registry@29.global(45, "wl_output", 4)
[2944674.169] wl_callback@30.done(186)
[2944674.172]  -> zwp_linux_dmabuf_v1@31.get_default_feedback(new id zwp_linux_dmabuf_feedback_v1@30)
[2944674.175]  -> wl_display@1.sync(new id wl_callback@32)
[2944674.231] zwp_linux_dmabuf_feedback_v1@30.main_device(array[8])
[2944674.239] wl_display@1.delete_id(32)
[2944676.284] zwp_linux_dmabuf_feedback_v1@30.format_table(fd 40, 6208)
[2944676.295] zwp_linux_dmabuf_feedback_v1@30.tranche_target_device(array[8])
[2944676.298] zwp_linux_dmabuf_feedback_v1@30.tranche_flags(0)
[2944676.300] zwp_linux_dmabuf_feedback_v1@30.tranche_formats(array[776])
[2944676.309] zwp_linux_dmabuf_feedback_v1@30.tranche_done()
[2944676.312] zwp_linux_dmabuf_feedback_v1@30.done()
[2944676.313] wl_callback@32.done(186)
[2944676.318]  -> zwp_linux_dmabuf_feedback_v1@30.destroy()
[2944700.159]  -> wl_compositor@5.create_surface(new id wl_surface@32)
[2944700.202]  -> zwp_linux_dmabuf_v1@31.get_surface_feedback(new id zwp_linux_dmabuf_feedback_v1@33, wl_surface@32)
[2944700.208]  -> wl_display@1.sync(new id wl_callback@34)
[2944700.262] wl_display@1.delete_id(30)
[2944700.273] wl_callback@34.done(187)
[2944700.263] wl_display@1.delete_id(34)
[2944700.289] zwp_linux_dmabuf_feedback_v1@33.main_device(array[8])
[2944700.293] zwp_linux_dmabuf_feedback_v1@33.format_table(fd 44, 6208)
[2944700.301] zwp_linux_dmabuf_feedback_v1@33.tranche_target_device(array[8])
[2944700.304] zwp_linux_dmabuf_feedback_v1@33.tranche_flags(0)
[2944700.306] zwp_linux_dmabuf_feedback_v1@33.tranche_formats(array[776])
[2944700.310] zwp_linux_dmabuf_feedback_v1@33.tranche_done()
[2944700.314] zwp_linux_dmabuf_feedback_v1@33.done()
[2944703.699]  -> wl_compositor@5.create_surface(new id wl_surface@34)
[2944704.207]  -> wl_compositor@5.create_surface(new id wl_surface@30)
[2944704.622]  -> zwp_linux_dmabuf_v1@31.get_surface_feedback(new id zwp_linux_dmabuf_feedback_v1@35, wl_surface@34)
[2944704.631]  -> wl_display@1.sync(new id wl_callback@36)
[2944711.324] wl_display@1.delete_id(36)
[2944711.330] wl_callback@36.done(187)
[2944711.350] zwp_linux_dmabuf_feedback_v1@35.main_device(array[8])
[2944711.356] zwp_linux_dmabuf_feedback_v1@35.format_table(fd 65, 6208)
[2944711.369] zwp_linux_dmabuf_feedback_v1@35.tranche_target_device(array[8])
[2944711.374] zwp_linux_dmabuf_feedback_v1@35.tranche_flags(0)
[2944711.378] zwp_linux_dmabuf_feedback_v1@35.tranche_formats(array[776])
[2944711.388] zwp_linux_dmabuf_feedback_v1@35.tranche_done()
[2944711.392] zwp_linux_dmabuf_feedback_v1@35.done()
[2944714.625]  -> zwp_linux_dmabuf_feedback_v1@33.destroy()
[2944714.640]  -> wl_surface@32.destroy()
[2944714.670]  -> zwp_linux_dmabuf_v1@31.get_surface_feedback(new id zwp_linux_dmabuf_feedback_v1@36, wl_surface@30)
[2944714.674]  -> wl_display@1.sync(new id wl_callback@37)
[2944714.711] wl_display@1.delete_id(33)
[2944714.716] wl_display@1.delete_id(37)
[2944714.713] wl_display@1.delete_id(32)
[2944714.724] wl_callback@37.done(187)
[2944714.729] zwp_linux_dmabuf_feedback_v1@36.main_device(array[8])
[2944714.732] zwp_linux_dmabuf_feedback_v1@36.format_table(fd 65, 6208)
[2944714.737] zwp_linux_dmabuf_feedback_v1@36.tranche_target_device(array[8])
[2944714.740] zwp_linux_dmabuf_feedback_v1@36.tranche_flags(0)
[2944714.742] zwp_linux_dmabuf_feedback_v1@36.tranche_formats(array[776])
[2944714.746] zwp_linux_dmabuf_feedback_v1@36.tranche_done()
[2944714.748] zwp_linux_dmabuf_feedback_v1@36.done()
[2944715.380]  -> zwp_linux_dmabuf_feedback_v1@36.destroy()
[2944715.391]  -> wl_surface@30.destroy()
[2944715.407]  -> zwp_linux_dmabuf_feedback_v1@35.destroy()
[2944715.413]  -> wl_surface@34.destroy()
[2944715.426]  -> wl_compositor@5.create_surface(new id wl_surface@37)
[2944715.872]  -> wl_compositor@5.create_surface(new id wl_surface@32)
[2944715.898]  -> zwp_linux_dmabuf_v1@31.get_surface_feedback(new id zwp_linux_dmabuf_feedback_v1@33, wl_surface@32)
[2944715.902]  -> wl_display@1.sync(new id wl_callback@38)
[2944715.922] wl_display@1.delete_id(36)
[2944715.926] wl_display@1.delete_id(35)
[2944715.928] wl_display@1.delete_id(34)
[2944715.931] wl_display@1.delete_id(38)
[2944715.924] wl_display@1.delete_id(30)
[2944715.937] wl_callback@38.done(187)
[2944715.941] zwp_linux_dmabuf_feedback_v1@33.main_device(array[8])
[2944715.944] zwp_linux_dmabuf_feedback_v1@33.format_table(fd 65, 6208)
[2944715.950] zwp_linux_dmabuf_feedback_v1@33.tranche_target_device(array[8])
[2944715.953] zwp_linux_dmabuf_feedback_v1@33.tranche_flags(0)
[2944715.955] zwp_linux_dmabuf_feedback_v1@33.tranche_formats(array[776])
[2944715.959] zwp_linux_dmabuf_feedback_v1@33.tranche_done()
[2944715.961] zwp_linux_dmabuf_feedback_v1@33.done()
[2944717.009]  -> wl_compositor@5.create_surface(new id wl_surface@38)
[2944717.385]  -> wl_compositor@5.create_surface(new id wl_surface@30)
[2944717.766]  -> zwp_linux_dmabuf_v1@31.get_surface_feedback(new id zwp_linux_dmabuf_feedback_v1@34, wl_surface@38)
[2944717.775]  -> wl_display@1.sync(new id wl_callback@35)
[2944717.797] wl_display@1.delete_id(35)
[2944717.799] wl_callback@35.done(187)
[2944717.806] zwp_linux_dmabuf_feedback_v1@34.main_device(array[8])
[2944717.809] zwp_linux_dmabuf_feedback_v1@34.format_table(fd 65, 6208)
[2944717.815] zwp_linux_dmabuf_feedback_v1@34.tranche_target_device(array[8])
[2944717.818] zwp_linux_dmabuf_feedback_v1@34.tranche_flags(0)
[2944717.820] zwp_linux_dmabuf_feedback_v1@34.tranche_formats(array[776])
[2944717.824] zwp_linux_dmabuf_feedback_v1@34.tranche_done()
[2944717.826] zwp_linux_dmabuf_feedback_v1@34.done()
[2944719.764]  -> zwp_linux_dmabuf_feedback_v1@33.destroy()
[2944719.778]  -> wl_surface@32.destroy()
[2944719.802]  -> zwp_linux_dmabuf_v1@31.get_surface_feedback(new id zwp_linux_dmabuf_feedback_v1@35, wl_surface@30)
[2944719.806]  -> wl_display@1.sync(new id wl_callback@36)
[2944719.844] wl_display@1.delete_id(32)
[2944719.848] wl_display@1.delete_id(36)
[2944719.843] wl_display@1.delete_id(33)
[2944719.850] wl_callback@36.done(187)
[2944719.867] zwp_linux_dmabuf_feedback_v1@35.main_device(array[8])
[2944719.870] zwp_linux_dmabuf_feedback_v1@35.format_table(fd 65, 6208)
[2944719.875] zwp_linux_dmabuf_feedback_v1@35.tranche_target_device(array[8])
[2944719.878] zwp_linux_dmabuf_feedback_v1@35.tranche_flags(0)
[2944719.880] zwp_linux_dmabuf_feedback_v1@35.tranche_formats(array[776])
[2944719.883] zwp_linux_dmabuf_feedback_v1@35.tranche_done()
[2944719.886] zwp_linux_dmabuf_feedback_v1@35.done()
[2944720.412]  -> zwp_linux_dmabuf_feedback_v1@35.destroy()
[2944720.423]  -> wl_surface@30.destroy()
[2944720.435]  -> zwp_linux_dmabuf_feedback_v1@34.destroy()
[2944720.441]  -> wl_surface@38.destroy()
[2944720.763]  -> wl_compositor@5.create_surface(new id wl_surface@36)
QPainter::begin: Paint device returned engine == 0, type: 2
QWidget::render: Cannot render with an inactive painter
qt.core.qobject.connect: QObject::connect: No such signal QPlatformNativeInterface::systemTrayWindowChanged(QScreen*)
[2944750.245]  -> xdg_wm_base@3.get_xdg_surface(new id xdg_surface@33, wl_surface@37)
[2944750.257]  -> xdg_surface@33.get_toplevel(new id xdg_toplevel@32)
[2944750.262]  -> xdg_toplevel@32.set_title("Telegram")
[2944750.265]  -> xdg_toplevel@32.set_app_id("org.telegram.desktop")
[2944750.267]  -> wp_viewporter@11.get_viewport(new id wp_viewport@39, wl_surface@37)
[2944750.270]  -> wp_viewport@39.set_destination(1296, 1424)
[2944750.273]  -> wp_viewport@39.set_destination(1296, 1424)
[2944750.276]  -> wl_surface@37.set_buffer_transform(0)
[2944750.278]  -> wl_surface@37.commit()
[2944750.280]  -> wp_viewport@39.set_destination(1296, 1424)
[2944750.286]  -> wp_viewport@39.set_destination(1296, 1424)
[2944751.383]  -> wl_compositor@5.create_surface(new id wl_surface@40)
[2944751.568]  -> zwp_linux_dmabuf_v1@31.get_surface_feedback(new id zwp_linux_dmabuf_feedback_v1@41, wl_surface@40)
[2944751.572]  -> wl_display@1.sync(new id wl_callback@42)
[2944751.669] wl_display@1.delete_id(30)
[2944751.673] wl_display@1.delete_id(34)
[2944751.675] wl_display@1.delete_id(38)
[2944751.677] wl_display@1.delete_id(42)
[2944751.680] wl_callback@42.done(189)
[2944751.667] wl_display@1.delete_id(35)
[2944751.686] zwp_linux_dmabuf_feedback_v1@41.main_device(array[8])
[2944751.694] zwp_linux_dmabuf_feedback_v1@41.format_table(fd 85, 6208)
[2944751.704] zwp_linux_dmabuf_feedback_v1@41.tranche_target_device(array[8])
[2944751.706] zwp_linux_dmabuf_feedback_v1@41.tranche_flags(0)
[2944751.708] zwp_linux_dmabuf_feedback_v1@41.tranche_formats(array[776])
[2944751.712] zwp_linux_dmabuf_feedback_v1@41.tranche_done()
[2944751.715] zwp_linux_dmabuf_feedback_v1@41.done()
[2944753.198]  -> wl_compositor@5.create_surface(new id wl_surface@35)
[2944753.602]  -> wl_compositor@5.create_surface(new id wl_surface@42)
[2944754.011]  -> zwp_linux_dmabuf_v1@31.get_surface_feedback(new id zwp_linux_dmabuf_feedback_v1@38, wl_surface@35)
[2944754.020]  -> wl_display@1.sync(new id wl_callback@34)
[2944754.068] wl_display@1.delete_id(34)
[2944754.070] wl_callback@34.done(189)
[2944754.078] zwp_linux_dmabuf_feedback_v1@38.main_device(array[8])
[2944754.080] zwp_linux_dmabuf_feedback_v1@38.format_table(fd 85, 6208)
[2944754.087] zwp_linux_dmabuf_feedback_v1@38.tranche_target_device(array[8])
[2944754.089] zwp_linux_dmabuf_feedback_v1@38.tranche_flags(0)
[2944754.091] zwp_linux_dmabuf_feedback_v1@38.tranche_formats(array[776])
[2944754.094] zwp_linux_dmabuf_feedback_v1@38.tranche_done()
[2944754.097] zwp_linux_dmabuf_feedback_v1@38.done()
[2944757.054]  -> zwp_linux_dmabuf_feedback_v1@41.destroy()
[2944757.070]  -> wl_surface@40.destroy()
[2944757.095]  -> zwp_linux_dmabuf_v1@31.get_surface_feedback(new id zwp_linux_dmabuf_feedback_v1@34, wl_surface@42)
[2944757.099]  -> wl_display@1.sync(new id wl_callback@30)
[2944757.127] wl_display@1.delete_id(41)
[2944757.132] wl_display@1.delete_id(30)
[2944757.128] wl_display@1.delete_id(40)
[2944757.138] wl_callback@30.done(189)
[2944757.143] zwp_linux_dmabuf_feedback_v1@34.main_device(array[8])
[2944757.145] zwp_linux_dmabuf_feedback_v1@34.format_table(fd 85, 6208)
[2944757.153] zwp_linux_dmabuf_feedback_v1@34.tranche_target_device(array[8])
[2944757.156] zwp_linux_dmabuf_feedback_v1@34.tranche_flags(0)
[2944757.158] zwp_linux_dmabuf_feedback_v1@34.tranche_formats(array[776])
[2944757.161] zwp_linux_dmabuf_feedback_v1@34.tranche_done()
[2944757.163] zwp_linux_dmabuf_feedback_v1@34.done()
[2944757.853]  -> zwp_linux_dmabuf_feedback_v1@34.destroy()
[2944757.866]  -> wl_surface@42.destroy()
[2944757.880]  -> zwp_linux_dmabuf_feedback_v1@38.destroy()
[2944757.886]  -> wl_surface@35.destroy()
[2944757.896]  -> wl_compositor@5.create_surface(new id wl_surface@30)
[2944758.290]  -> wl_compositor@5.create_surface(new id wl_surface@40)
[2944758.322]  -> zwp_linux_dmabuf_v1@31.get_surface_feedback(new id zwp_linux_dmabuf_feedback_v1@41, wl_surface@40)
[2944758.326]  -> wl_display@1.sync(new id wl_callback@43)
[2944758.362] wl_display@1.delete_id(34)
[2944758.366] wl_display@1.delete_id(38)
[2944758.374] wl_display@1.delete_id(35)
[2944758.376] wl_display@1.delete_id(43)
[2944758.364] wl_display@1.delete_id(42)
[2944758.383] wl_callback@43.done(189)
[2944758.387] zwp_linux_dmabuf_feedback_v1@41.main_device(array[8])
[2944758.389] zwp_linux_dmabuf_feedback_v1@41.format_table(fd 85, 6208)
[2944758.396] zwp_linux_dmabuf_feedback_v1@41.tranche_target_device(array[8])
[2944758.399] zwp_linux_dmabuf_feedback_v1@41.tranche_flags(0)
[2944758.400] zwp_linux_dmabuf_feedback_v1@41.tranche_formats(array[776])
[2944758.404] zwp_linux_dmabuf_feedback_v1@41.tranche_done()
[2944758.406] zwp_linux_dmabuf_feedback_v1@41.done()
[2944759.413]  -> wl_compositor@5.create_surface(new id wl_surface@43)
[2944759.755]  -> wl_compositor@5.create_surface(new id wl_surface@42)
[2944760.136]  -> zwp_linux_dmabuf_v1@31.get_surface_feedback(new id zwp_linux_dmabuf_feedback_v1@35, wl_surface@43)
[2944760.145]  -> wl_display@1.sync(new id wl_callback@38)
[2944760.187] wl_display@1.delete_id(38)
[2944760.189] wl_callback@38.done(189)
[2944760.197] zwp_linux_dmabuf_feedback_v1@35.main_device(array[8])
[2944760.199] zwp_linux_dmabuf_feedback_v1@35.format_table(fd 85, 6208)
[2944760.205] zwp_linux_dmabuf_feedback_v1@35.tranche_target_device(array[8])
[2944760.208] zwp_linux_dmabuf_feedback_v1@35.tranche_flags(0)
[2944760.210] zwp_linux_dmabuf_feedback_v1@35.tranche_formats(array[776])
[2944760.213] zwp_linux_dmabuf_feedback_v1@35.tranche_done()
[2944760.215] zwp_linux_dmabuf_feedback_v1@35.done()
[2944762.334]  -> zwp_linux_dmabuf_feedback_v1@41.destroy()
[2944762.349]  -> wl_surface@40.destroy()
[2944762.373]  -> zwp_linux_dmabuf_v1@31.get_surface_feedback(new id zwp_linux_dmabuf_feedback_v1@38, wl_surface@42)
[2944762.376]  -> wl_display@1.sync(new id wl_callback@34)
[2944762.421] wl_display@1.delete_id(41)
[2944762.424] wl_display@1.delete_id(34)
[2944762.422] wl_display@1.delete_id(40)
[2944762.431] wl_callback@34.done(189)
[2944762.436] zwp_linux_dmabuf_feedback_v1@38.main_device(array[8])
[2944762.438] zwp_linux_dmabuf_feedback_v1@38.format_table(fd 85, 6208)
[2944762.444] zwp_linux_dmabuf_feedback_v1@38.tranche_target_device(array[8])
[2944762.446] zwp_linux_dmabuf_feedback_v1@38.tranche_flags(0)
[2944762.448] zwp_linux_dmabuf_feedback_v1@38.tranche_formats(array[776])
[2944762.451] zwp_linux_dmabuf_feedback_v1@38.tranche_done()
[2944762.453] zwp_linux_dmabuf_feedback_v1@38.done()
[2944762.996]  -> zwp_linux_dmabuf_feedback_v1@38.destroy()
[2944763.008]  -> wl_surface@42.destroy()
[2944763.021]  -> zwp_linux_dmabuf_feedback_v1@35.destroy()
[2944763.026]  -> wl_surface@43.destroy()
[2944763.342]  -> wl_compositor@5.create_surface(new id wl_surface@34)
[2944765.053]  -> wl_compositor@5.create_surface(new id wl_surface@40)
[2944765.079]  -> zwp_linux_dmabuf_v1@31.get_surface_feedback(new id zwp_linux_dmabuf_feedback_v1@41, wl_surface@40)
[2944765.083]  -> wl_display@1.sync(new id wl_callback@44)
[2944765.133] wl_display@1.delete_id(38)
[2944765.134] wl_display@1.delete_id(42)
[2944765.142] wl_display@1.delete_id(43)
[2944765.145] wl_display@1.delete_id(44)
[2944765.147] wl_callback@44.done(189)
[2944765.138] wl_display@1.delete_id(35)
[2944765.152] zwp_linux_dmabuf_feedback_v1@41.main_device(array[8])
[2944765.154] zwp_linux_dmabuf_feedback_v1@41.format_table(fd 85, 6208)
[2944765.161] zwp_linux_dmabuf_feedback_v1@41.tranche_target_device(array[8])
[2944765.163] zwp_linux_dmabuf_feedback_v1@41.tranche_flags(0)
[2944765.165] zwp_linux_dmabuf_feedback_v1@41.tranche_formats(array[776])
[2944765.168] zwp_linux_dmabuf_feedback_v1@41.tranche_done()
[2944765.170] zwp_linux_dmabuf_feedback_v1@41.done()
[2944765.257]  -> zwp_linux_dmabuf_v1@31.get_surface_feedback(new id zwp_linux_dmabuf_feedback_v1@35, wl_surface@34)
[2944765.262]  -> wl_display@1.sync(new id wl_callback@44)
[2944765.301] wl_display@1.delete_id(44)
[2944765.303] wl_callback@44.done(189)
[2944767.691] zwp_linux_dmabuf_feedback_v1@35.main_device(array[8])
[2944767.701] zwp_linux_dmabuf_feedback_v1@35.format_table(fd 85, 6208)
[2944767.707] zwp_linux_dmabuf_feedback_v1@35.tranche_target_device(array[8])
[2944767.714] zwp_linux_dmabuf_feedback_v1@35.tranche_flags(0)
[2944767.716] zwp_linux_dmabuf_feedback_v1@35.tranche_formats(array[776])
[2944767.720] zwp_linux_dmabuf_feedback_v1@35.tranche_done()
[2944767.723] zwp_linux_dmabuf_feedback_v1@35.done()
[2944770.265]  -> zwp_linux_dmabuf_feedback_v1@41.destroy()
[2944770.281]  -> wl_surface@40.destroy()
[2944774.212] xdg_wm_base@3.ping(189)
[2944774.222]  -> xdg_wm_base@3.pong(189)
[2944774.225] xdg_toplevel@32.configure(0, 0, array[0])
[2944774.229] xdg_surface@33.configure(188)
[2944774.235]  -> wp_viewport@39.set_destination(1296, 1424)
[2944774.238]  -> xdg_surface@33.set_window_geometry(9, 8, 1278, 1406)
[2944774.241]  -> xdg_surface@33.ack_configure(188)
[2944814.221]  -> wl_display@1.get_registry(new id wl_registry@44)
[2944814.235]  -> wl_display@1.sync(new id wl_callback@43)
[2944814.321] wl_display@1.delete_id(41)
[2944814.331] wl_display@1.delete_id(43)
[2944814.323] wl_display@1.delete_id(40)
[2944814.340] wl_registry@44.global(1, "wl_shm", 1)
[2944814.343] wl_registry@44.global(2, "wl_drm", 2)
[2944814.346] wl_registry@44.global(3, "zwp_linux_dmabuf_v1", 4)
[2944814.348] wl_registry@44.global(4, "wl_compositor", 5)
[2944814.350] wl_registry@44.global(5, "wl_subcompositor", 1)
[2944814.352] wl_registry@44.global(6, "wl_data_device_manager", 3)
[2944814.354] wl_registry@44.global(7, "zwlr_gamma_control_manager_v1", 1)
[2944814.356] wl_registry@44.global(8, "zxdg_output_manager_v1", 3)
[2944814.358] wl_registry@44.global(9, "org_kde_kwin_idle", 1)
[2944814.360] wl_registry@44.global(10, "ext_idle_notifier_v1", 1)
[2944814.362] wl_registry@44.global(11, "zwp_idle_inhibit_manager_v1", 1)
[2944814.364] wl_registry@44.global(12, "zwlr_layer_shell_v1", 4)
[2944814.366] wl_registry@44.global(13, "xdg_wm_base", 2)
[2944814.369] wl_registry@44.global(14, "zwp_tablet_manager_v2", 1)
[2944814.371] wl_registry@44.global(15, "org_kde_kwin_server_decoration_manager", 1)
[2944814.373] wl_registry@44.global(16, "zxdg_decoration_manager_v1", 1)
[2944814.375] wl_registry@44.global(17, "zwp_relative_pointer_manager_v1", 1)
[2944814.377] wl_registry@44.global(18, "zwp_pointer_constraints_v1", 1)
[2944814.379] wl_registry@44.global(19, "wp_presentation", 1)
[2944814.381] wl_registry@44.global(20, "zwlr_output_manager_v1", 4)
[2944814.383] wl_registry@44.global(21, "zwlr_output_power_manager_v1", 1)
[2944814.385] wl_registry@44.global(22, "zwp_input_method_manager_v2", 1)
[2944814.387] wl_registry@44.global(23, "zwp_text_input_manager_v3", 1)
[2944814.389] wl_registry@44.global(24, "zwlr_foreign_toplevel_manager_v1", 3)
[2944814.391] wl_registry@44.global(25, "ext_session_lock_manager_v1", 1)
[2944814.393] wl_registry@44.global(26, "wp_drm_lease_device_v1", 1)
[2944814.395] wl_registry@44.global(27, "wp_drm_lease_device_v1", 1)
[2944814.397] wl_registry@44.global(28, "zwlr_export_dmabuf_manager_v1", 1)
[2944814.400] wl_registry@44.global(29, "zwlr_screencopy_manager_v1", 3)
[2944814.402] wl_registry@44.global(30, "zwlr_data_control_manager_v1", 2)
[2944814.404] wl_registry@44.global(31, "zwp_primary_selection_device_manager_v1", 1)
[2944814.406] wl_registry@44.global(32, "wp_viewporter", 1)
[2944814.408] wl_registry@44.global(33, "wp_single_pixel_buffer_manager_v1", 1)
[2944814.410] wl_registry@44.global(34, "zxdg_exporter_v1", 1)
[2944814.412] wl_registry@44.global(35, "zxdg_importer_v1", 1)
[2944814.415] wl_registry@44.global(36, "zxdg_exporter_v2", 1)
[2944814.417] wl_registry@44.global(37, "zxdg_importer_v2", 1)
[2944814.419] wl_registry@44.global(38, "xdg_activation_v1", 1)
[2944814.422] wl_registry@44.global(39, "zwp_virtual_keyboard_manager_v1", 1)
[2944814.423] wl_registry@44.global(40, "zwlr_virtual_pointer_manager_v1", 2)
[2944814.425] wl_registry@44.global(41, "zwlr_input_inhibit_manager_v1", 1)
[2944814.427] wl_registry@44.global(42, "zwp_keyboard_shortcuts_inhibit_manager_v1", 1)
[2944814.429] wl_registry@44.global(43, "wl_seat", 8)
[2944814.431] wl_registry@44.global(44, "zwp_pointer_gestures_v1", 3)
[2944814.434] wl_registry@44.global(45, "wl_output", 4)
[2944814.444] wl_callback@43.done(189)
[2944814.467]  -> wl_shm@4.create_pool(new id wl_shm_pool@43, fd 99, 7382016)
[2944814.471]  -> wl_shm_pool@43.create_buffer(new id wl_buffer@40, 0, 1296, 1424, 5184, 0)
[2944817.278]  -> zwp_linux_dmabuf_v1@31.get_surface_feedback(new id zwp_linux_dmabuf_feedback_v1@41, wl_surface@37)
[2944817.289]  -> wl_display@1.sync(new id wl_callback@42)
[2944817.362] wl_callback@42.done(189)
[2944817.362] wl_display@1.delete_id(42)
[2944817.375] zwp_linux_dmabuf_feedback_v1@41.main_device(array[8])
[2944817.381] zwp_linux_dmabuf_feedback_v1@41.format_table(fd 85, 6208)
[2944817.389] zwp_linux_dmabuf_feedback_v1@41.tranche_target_device(array[8])
[2944817.391] zwp_linux_dmabuf_feedback_v1@41.tranche_flags(0)
[2944817.393] zwp_linux_dmabuf_feedback_v1@41.tranche_formats(array[776])
[2944817.397] zwp_linux_dmabuf_feedback_v1@41.tranche_done()
[2944817.399] zwp_linux_dmabuf_feedback_v1@41.done()
[2944821.472]  -> wl_surface@37.frame(new id wl_callback@42)
[2944825.666]  -> zwp_linux_dmabuf_v1@31.create_params(new id zwp_linux_buffer_params_v1@38)
[2944825.683]  -> zwp_linux_buffer_params_v1@38.add(fd 89, 0, 0, 6144, 33554432, 682016516)
[2944825.689]  -> zwp_linux_buffer_params_v1@38.add(fd 91, 1, 9437184, 2048, 33554432, 682016516)
[2944825.693]  -> zwp_linux_buffer_params_v1@38.create_immed(new id wl_buffer@45, 1296, 1424, 875713089, 0)
[2944825.697]  -> zwp_linux_buffer_params_v1@38.destroy()
[2944825.699]  -> wl_surface@37.attach(wl_buffer@45, 0, 0)
[2944825.702]  -> wl_surface@37.damage(0, 0, 2147483647, 2147483647)
[2944825.705]  -> wl_surface@37.commit()
[2944825.708]  -> wl_display@1.sync(new id wl_callback@46)
[2944826.132] wl_display@1.delete_id(38)
[2944826.146] wl_display@1.delete_id(42)
[2944826.151] wl_display@1.delete_id(46)
[2944826.154] wl_callback@42.done(6544830)
[2944831.886] wl_callback@46.done(194)
[2944832.301]  -> wl_surface@37.frame(new id wl_callback@46)
[2944832.345]  -> zwp_linux_dmabuf_v1@31.create_params(new id zwp_linux_buffer_params_v1@42)
[2944832.355]  -> zwp_linux_buffer_params_v1@42.add(fd 89, 0, 0, 6144, 33554432, 682016516)
[2944832.360]  -> zwp_linux_buffer_params_v1@42.add(fd 91, 1, 9437184, 2048, 33554432, 682016516)
[2944832.363]  -> zwp_linux_buffer_params_v1@42.create_immed(new id wl_buffer@38, 1296, 1424, 875713089, 0)
[2944832.365]  -> zwp_linux_buffer_params_v1@42.destroy()
[2944832.369]  -> wl_surface@37.attach(wl_buffer@38, 0, 0)
[2944832.371]  -> wl_surface@37.damage(0, 0, 2147483647, 2147483647)
[2944832.374]  -> wl_surface@37.commit()
[2944832.376]  -> wl_display@1.sync(new id wl_callback@47)
[2944832.387] wl_keyboard@19.enter(193, wl_surface@37, array[0])
[2944832.392]  -> wl_display@1.sync(new id wl_callback@48)
[2944832.396] wl_keyboard@19.modifiers(194, 0, 0, 0, 0)
[2944832.400] wl_data_device@13.selection(nil)
[2944832.405] zwp_primary_selection_device_v1@14.selection(nil)
[2944832.409] xdg_toplevel@32.configure(1278, 1406, array[20])
[2944832.413] xdg_surface@33.configure(190)
[2944832.430]  -> wp_viewport@39.set_destination(1296, 1424)
[2944832.434]  -> xdg_surface@33.set_window_geometry(9, 8, 1278, 1406)
[2944832.440]  -> xdg_surface@33.ack_configure(190)
[2944832.450] wl_display@1.delete_id(42)
[2944832.461] wl_display@1.delete_id(47)
[2944832.464] wl_display@1.delete_id(48)
[2944832.814] wl_display@1.delete_id(46)
[2944832.817] wl_callback@46.done(6544837)
[2944835.554] wl_callback@47.done(194)
[2944835.598]  -> wl_surface@37.frame(new id wl_callback@47)
[2944835.619]  -> zwp_linux_dmabuf_v1@31.create_params(new id zwp_linux_buffer_params_v1@46)
[2944835.628]  -> zwp_linux_buffer_params_v1@46.add(fd 89, 0, 0, 6144, 33554432, 682016516)
[2944835.632]  -> zwp_linux_buffer_params_v1@46.add(fd 91, 1, 9437184, 2048, 33554432, 682016516)
[2944835.636]  -> zwp_linux_buffer_params_v1@46.create_immed(new id wl_buffer@42, 1296, 1424, 875713089, 0)
[2944835.640]  -> zwp_linux_buffer_params_v1@46.destroy()
[2944835.643]  -> wl_surface@37.attach(wl_buffer@42, 0, 0)
[2944835.645]  -> wl_surface@37.damage(0, 0, 2147483647, 2147483647)
[2944835.654]  -> wl_surface@37.commit()
[2944835.656]  -> wl_display@1.sync(new id wl_callback@49)
[2944835.683] wl_callback@48.done(194)
[2944836.216] wl_display@1.delete_id(46)
[2944836.223] wl_display@1.delete_id(49)
[2944838.291] wl_buffer@38.release()
[2944838.302] wl_buffer@45.release()
[2944838.306]  -> wl_buffer@45.destroy()
[2944838.309] wl_callback@49.done(194)
[2944838.344]  -> wl_surface@37.attach(wl_buffer@38, 0, 0)
[2944838.348]  -> wl_surface@37.damage(0, 0, 2147483647, 2147483647)
[2944838.351]  -> wl_surface@37.commit()
[2944838.354]  -> wl_display@1.sync(new id wl_callback@49)
[2944838.362] wl_surface@37.enter(wl_output@17)
[2944838.408] wl_display@1.delete_id(45)
[2944838.413] wl_display@1.delete_id(49)
[2944838.910] wl_display@1.delete_id(47)
[2944838.913] wl_callback@47.done(6544843)
[2944846.575] wl_buffer@42.release()
[2944846.586] wl_callback@49.done(194)
[2944846.599]  -> wl_surface@37.frame(new id wl_callback@49)
[2944846.626]  -> wl_surface@37.attach(wl_buffer@42, 0, 0)
[2944846.630]  -> wl_surface@37.damage(0, 0, 2147483647, 2147483647)
[2944846.632]  -> wl_surface@37.commit()
[2944846.635]  -> wl_display@1.sync(new id wl_callback@47)
[2944846.886] wl_display@1.delete_id(47)
[2944846.891] wl_display@1.delete_id(49)
[2944846.892] wl_callback@49.done(6544851)
[2944855.647] wl_buffer@38.release()
[2944855.658] wl_callback@47.done(194)
[2944855.670]  -> wl_surface@37.frame(new id wl_callback@47)
[2944855.698]  -> wl_surface@37.attach(wl_buffer@38, 0, 0)
[2944855.702]  -> wl_surface@37.damage(0, 0, 2147483647, 2147483647)
[2944855.704]  -> wl_surface@37.commit()
[2944855.707]  -> wl_display@1.sync(new id wl_callback@49)
[2944855.955] wl_display@1.delete_id(49)
[2944855.960] wl_display@1.delete_id(47)
[2944855.960] wl_callback@47.done(6544860)
[2944864.530] wl_buffer@42.release()
[2944864.540] wl_callback@49.done(194)
[2944864.552]  -> wl_surface@37.frame(new id wl_callback@49)
[2944864.576]  -> wl_surface@37.attach(wl_buffer@42, 0, 0)
[2944864.579]  -> wl_surface@37.damage(0, 0, 2147483647, 2147483647)
[2944864.581]  -> wl_surface@37.commit()
[2944864.584]  -> wl_display@1.sync(new id wl_callback@47)
[2944864.844] wl_display@1.delete_id(47)
[2944864.850] wl_callback@49.done(6544869)
[2944864.848] wl_display@1.delete_id(49)
[2944873.452] wl_buffer@38.release()
[2944873.461] wl_callback@47.done(194)
[2944873.473]  -> wl_surface@37.frame(new id wl_callback@47)
[2944873.499]  -> wl_surface@37.attach(wl_buffer@38, 0, 0)
[2944873.503]  -> wl_surface@37.damage(0, 0, 2147483647, 2147483647)
[2944873.505]  -> wl_surface@37.commit()
[2944873.507]  -> wl_display@1.sync(new id wl_callback@49)
[2944873.760] wl_display@1.delete_id(49)
[2944873.764] wl_display@1.delete_id(47)
[2944873.766] wl_callback@47.done(6544878)
[2944882.249] wl_buffer@42.release()
[2944882.262] wl_callback@49.done(194)
[2944882.278]  -> wl_surface@37.frame(new id wl_callback@49)
[2944882.309]  -> wl_surface@37.attach(wl_buffer@42, 0, 0)
[2944882.313]  -> wl_surface@37.damage(0, 0, 2147483647, 2147483647)
[2944882.317]  -> wl_surface@37.commit()
[2944882.320]  -> wl_display@1.sync(new id wl_callback@47)
[2944882.430] wl_display@1.delete_id(47)
[2944882.434] wl_display@1.delete_id(49)
[2944882.435] wl_callback@49.done(6544887)
[2944890.816] wl_buffer@38.release()
[2944890.827] wl_callback@47.done(194)
[2944890.840]  -> wl_surface@37.frame(new id wl_callback@47)
[2944890.873]  -> wl_surface@37.attach(wl_buffer@38, 0, 0)
[2944890.877]  -> wl_surface@37.damage(0, 0, 2147483647, 2147483647)
[2944890.879]  -> wl_surface@37.commit()
[2944890.882]  -> wl_display@1.sync(new id wl_callback@49)
[2944891.141] wl_display@1.delete_id(49)
[2944891.147] wl_display@1.delete_id(47)
[2944891.150] wl_callback@47.done(6544895)
[2944899.734] wl_buffer@42.release()
[2944899.745] wl_callback@49.done(194)
[2944899.758]  -> wl_surface@37.frame(new id wl_callback@49)
[2944899.785]  -> wl_surface@37.attach(wl_buffer@42, 0, 0)
[2944899.788]  -> wl_surface@37.damage(0, 0, 2147483647, 2147483647)
[2944899.791]  -> wl_surface@37.commit()
[2944899.794]  -> wl_display@1.sync(new id wl_callback@47)
[2944899.949] wl_display@1.delete_id(47)
[2944899.954] wl_display@1.delete_id(49)
[2944899.957] wl_callback@49.done(6544904)
[2944908.724] wl_buffer@38.release()
[2944908.735] wl_callback@47.done(194)
[2944908.748]  -> wl_surface@37.frame(new id wl_callback@47)
[2944908.774]  -> wl_surface@37.attach(wl_buffer@38, 0, 0)
[2944908.778]  -> wl_surface@37.damage(0, 0, 2147483647, 2147483647)
[2944908.781]  -> wl_surface@37.commit()
[2944908.783]  -> wl_display@1.sync(new id wl_callback@49)
[2944909.049] wl_display@1.delete_id(49)
[2944909.054] wl_display@1.delete_id(47)
[2944909.057] wl_callback@47.done(6544913)
[2944916.657] wl_buffer@42.release()
[2944916.668] wl_callback@49.done(194)
[2944916.681]  -> wl_surface@37.frame(new id wl_callback@49)
[2944916.708]  -> wl_surface@37.attach(wl_buffer@42, 0, 0)
[2944916.712]  -> wl_surface@37.damage(0, 0, 2147483647, 2147483647)
[2944916.715]  -> wl_surface@37.commit()
[2944916.718]  -> wl_display@1.sync(new id wl_callback@47)
[2944916.981] wl_display@1.delete_id(47)
[2944916.986] wl_display@1.delete_id(49)
[2944916.989] wl_callback@49.done(6544921)
[2944925.745] wl_buffer@38.release()
[2944925.756] wl_callback@47.done(194)
[2944925.769]  -> wl_surface@37.frame(new id wl_callback@47)
[2944925.795]  -> wl_surface@37.attach(wl_buffer@38, 0, 0)
[2944925.799]  -> wl_surface@37.damage(0, 0, 2147483647, 2147483647)
[2944925.802]  -> wl_surface@37.commit()
[2944925.804]  -> wl_display@1.sync(new id wl_callback@49)
[2944926.068] wl_display@1.delete_id(49)
[2944926.073] wl_display@1.delete_id(47)
[2944926.075] wl_callback@47.done(6544930)
[2944934.670] wl_buffer@42.release()
[2944934.681] wl_callback@49.done(194)
[2944934.694]  -> wl_surface@37.frame(new id wl_callback@49)
[2944934.723]  -> wl_surface@37.attach(wl_buffer@42, 0, 0)
[2944934.727]  -> wl_surface@37.damage(0, 0, 2147483647, 2147483647)
[2944934.729]  -> wl_surface@37.commit()
[2944934.733]  -> wl_display@1.sync(new id wl_callback@47)
[2944934.985] wl_display@1.delete_id(47)
[2944934.990] wl_display@1.delete_id(49)
[2944934.992] wl_callback@49.done(6544939)
[2944943.660] wl_buffer@38.release()
[2944943.671] wl_callback@47.done(194)
[2944943.685]  -> wl_surface@37.frame(new id wl_callback@47)
[2944943.709]  -> wl_surface@37.attach(wl_buffer@38, 0, 0)
[2944943.713]  -> wl_surface@37.damage(0, 0, 2147483647, 2147483647)
[2944943.716]  -> wl_surface@37.commit()
[2944943.719]  -> wl_display@1.sync(new id wl_callback@49)
[2944943.984] wl_display@1.delete_id(49)
[2944943.989] wl_display@1.delete_id(47)
[2944943.992] wl_callback@47.done(6544948)
[2944952.760] wl_buffer@42.release()
[2944952.772] wl_callback@49.done(194)
[2944952.785]  -> wl_surface@37.frame(new id wl_callback@49)
[2944952.811]  -> wl_surface@37.attach(wl_buffer@42, 0, 0)
[2944952.815]  -> wl_surface@37.damage(0, 0, 2147483647, 2147483647)
[2944952.818]  -> wl_surface@37.commit()
[2944952.821]  -> wl_display@1.sync(new id wl_callback@47)
[2944953.067] wl_display@1.delete_id(47)
[2944953.072] wl_display@1.delete_id(49)
[2944953.073] wl_callback@49.done(6544957)
[2944960.520] wl_buffer@38.release()
[2944960.532] wl_callback@47.done(194)
[2944960.545]  -> wl_surface@37.frame(new id wl_callback@47)
[2944960.573]  -> wl_surface@37.attach(wl_buffer@38, 0, 0)
[2944960.577]  -> wl_surface@37.damage(0, 0, 2147483647, 2147483647)
[2944960.580]  -> wl_surface@37.commit()
[2944960.583]  -> wl_display@1.sync(new id wl_callback@49)
[2944960.735] wl_display@1.delete_id(49)
[2944960.742] wl_display@1.delete_id(47)
[2944960.744] wl_callback@47.done(6544965)
[2944968.984] wl_buffer@42.release()
[2944968.996] wl_callback@49.done(194)
[2944969.009]  -> wl_surface@37.frame(new id wl_callback@49)
[2944969.039]  -> wl_surface@37.attach(wl_buffer@42, 0, 0)
[2944969.043]  -> wl_surface@37.damage(0, 0, 2147483647, 2147483647)
[2944969.045]  -> wl_surface@37.commit()
[2944969.049]  -> wl_display@1.sync(new id wl_callback@47)
[2944969.312] wl_display@1.delete_id(47)
[2944969.318] wl_display@1.delete_id(49)
[2944969.320] wl_callback@49.done(6544973)
[2944977.739] wl_buffer@38.release()
[2944977.754] wl_callback@47.done(194)
[2944977.767]  -> wl_surface@37.frame(new id wl_callback@47)
[2944977.794]  -> wl_surface@37.attach(wl_buffer@38, 0, 0)
[2944977.798]  -> wl_surface@37.damage(0, 0, 2147483647, 2147483647)
[2944977.800]  -> wl_surface@37.commit()
[2944977.802]  -> wl_display@1.sync(new id wl_callback@49)
[2944978.068] wl_display@1.delete_id(49)
[2944978.073] wl_display@1.delete_id(47)
[2944978.076] wl_callback@47.done(6544982)
[2944986.733] wl_buffer@42.release()
[2944986.745] wl_callback@49.done(194)
[2944986.759]  -> wl_surface@37.frame(new id wl_callback@49)
[2944986.785]  -> wl_surface@37.attach(wl_buffer@42, 0, 0)
[2944986.789]  -> wl_surface@37.damage(0, 0, 2147483647, 2147483647)
[2944986.791]  -> wl_surface@37.commit()
[2944986.794]  -> wl_display@1.sync(new id wl_callback@47)
[2944987.056] wl_display@1.delete_id(47)
[2944987.061] wl_display@1.delete_id(49)
[2944987.063] wl_callback@49.done(6544991)
[2944995.695] wl_buffer@38.release()
[2944995.706] wl_callback@47.done(194)
[2944995.720]  -> wl_surface@37.frame(new id wl_callback@47)
[2944995.745]  -> wl_surface@37.attach(wl_buffer@38, 0, 0)
[2944995.749]  -> wl_surface@37.damage(0, 0, 2147483647, 2147483647)
[2944995.752]  -> wl_surface@37.commit()
[2944995.755]  -> wl_display@1.sync(new id wl_callback@49)
[2944996.034] wl_display@1.delete_id(49)
[2944996.039] wl_display@1.delete_id(47)
[2944996.042] wl_callback@47.done(6545000)
[2945362.703] wl_buffer@42.release()
[2945362.714] wl_callback@49.done(194)
[2945362.727]  -> wl_surface@37.frame(new id wl_callback@49)
[2945362.778]  -> wl_surface@37.attach(wl_buffer@42, 0, 0)
[2945362.782]  -> wl_surface@37.damage(0, 0, 2147483647, 2147483647)
[2945362.784]  -> wl_surface@37.commit()
[2945362.787]  -> wl_display@1.sync(new id wl_callback@47)
[2945363.056] wl_display@1.delete_id(47)
[2945363.069] wl_display@1.delete_id(49)
[2945363.073] wl_callback@49.done(6545367)
[2945603.854] wl_buffer@38.release()
[2945603.866] wl_callback@47.done(194)
[2945603.880]  -> wl_surface@37.frame(new id wl_callback@47)
[2945603.970]  -> wl_surface@37.attach(wl_buffer@38, 0, 0)
[2945603.976]  -> wl_surface@37.damage(0, 0, 2147483647, 2147483647)
[2945603.979]  -> wl_surface@37.commit()
[2945603.982]  -> wl_display@1.sync(new id wl_callback@49)
[2945604.221] wl_display@1.delete_id(49)
[2945604.234] wl_display@1.delete_id(47)
[2945604.239] wl_callback@47.done(6545608)
[2945606.448] wl_buffer@42.release()
[2945606.459] wl_callback@49.done(194)
[2945606.472]  -> wl_surface@37.frame(new id wl_callback@49)
[2945606.502]  -> wl_surface@37.attach(wl_buffer@42, 0, 0)
[2945606.506]  -> wl_surface@37.damage(0, 0, 2147483647, 2147483647)
[2945606.508]  -> wl_surface@37.commit()
[2945606.511]  -> wl_display@1.sync(new id wl_callback@47)
[2945606.550] wl_display@1.delete_id(47)
[2945608.517] wl_display@1.delete_id(49)
[2945608.523] wl_callback@49.done(6545613)
[2945629.187] wl_buffer@38.release()
[2945629.200] wl_callback@47.done(194)
[2945629.217]  -> wl_surface@37.frame(new id wl_callback@47)
[2945629.249]  -> wl_surface@37.attach(wl_buffer@38, 0, 0)
[2945629.253]  -> wl_surface@37.damage(0, 0, 2147483647, 2147483647)
[2945629.255]  -> wl_surface@37.commit()
[2945629.258]  -> wl_display@1.sync(new id wl_callback@49)
[2945629.493] wl_display@1.delete_id(49)
[2945629.506] wl_display@1.delete_id(47)
[2945629.510] wl_callback@47.done(6545634)
[2945629.687]  -> xdg_toplevel@32.set_title("Telegram (1351)")
[2945648.139] wl_buffer@42.release()
[2945648.150] wl_callback@49.done(194)
[2945648.164]  -> wl_surface@37.frame(new id wl_callback@49)
[2945648.194]  -> wl_surface@37.attach(wl_buffer@42, 0, 0)
[2945648.198]  -> wl_surface@37.damage(0, 0, 2147483647, 2147483647)
[2945648.200]  -> wl_surface@37.commit()
[2945648.204]  -> wl_display@1.sync(new id wl_callback@47)
[2945648.242] wl_display@1.delete_id(47)
[2945650.914] wl_display@1.delete_id(49)
[2945650.917] wl_callback@49.done(6545655)
[2945678.062]  -> xdg_toplevel@32.set_title("Telegram (16657)")
[2945700.270] wl_buffer@38.release()
[2945700.281] wl_callback@47.done(194)
[2945700.301]  -> wl_surface@37.frame(new id wl_callback@47)
[2945700.336]  -> wl_surface@37.attach(wl_buffer@38, 0, 0)
[2945700.341]  -> wl_surface@37.damage(0, 0, 2147483647, 2147483647)
[2945700.345]  -> wl_surface@37.commit()
[2945700.348]  -> wl_display@1.sync(new id wl_callback@49)
[2945700.462] wl_display@1.delete_id(49)
[2945700.478] wl_display@1.delete_id(47)
[2945700.483] wl_callback@47.done(6545705)
qt.gui.imageio.jpeg: Corrupt JPEG data: premature end of data segment
qt.gui.imageio.jpeg: Corrupt JPEG data: premature end of data segment
qt.gui.imageio.jpeg: Corrupt JPEG data: premature end of data segment
[2945735.698] wl_buffer@42.release()
[2945735.708] wl_callback@49.done(194)
[2945735.725]  -> wl_surface@37.frame(new id wl_callback@49)
[2945735.760]  -> wl_surface@37.attach(wl_buffer@42, 0, 0)
[2945735.764]  -> wl_surface@37.damage(0, 0, 2147483647, 2147483647)
[2945735.767]  -> wl_surface@37.commit()
[2945735.770]  -> wl_display@1.sync(new id wl_callback@47)
[2945735.901] wl_display@1.delete_id(47)
[2945735.908] wl_display@1.delete_id(49)
[2945735.916] wl_callback@49.done(6545740)
qt.svg: Error while inflating gzip file: SVG format check failed
qt.svg: Error while inflating gzip file: SVG format check failed
qt.svg: Error while inflating gzip file: SVG format check failed
qt.svg: Error while inflating gzip file: SVG format check failed
qt.svg: Error while inflating gzip file: SVG format check failed
qt.svg: Error while inflating gzip file: SVG format check failed
qt.svg: Error while inflating gzip file: SVG format check failed
qt.svg: Error while inflating gzip file: SVG format check failed
qt.svg: Error while inflating gzip file: SVG format check failed
qt.svg: Error while inflating gzip file: SVG format check failed
qt.svg: Error while inflating gzip file: SVG format check failed
qt.svg: Error while inflating gzip file: SVG format check failed
qt.svg: Error while inflating gzip file: SVG format check failed
qt.svg: Error while inflating gzip file: SVG format check failed
qt.svg: Error while inflating gzip file: SVG format check failed
qt.svg: Error while inflating gzip file: SVG format check failed
qt.svg: Error while inflating gzip file: SVG format check failed
[2945767.479] wl_buffer@38.release()
[2945767.490] wl_callback@47.done(194)
[2945767.504]  -> wl_surface@37.frame(new id wl_callback@47)
[2945767.536]  -> wl_surface@37.attach(wl_buffer@38, 0, 0)
[2945767.540]  -> wl_surface@37.damage(0, 0, 2147483647, 2147483647)
[2945767.542]  -> wl_surface@37.commit()
[2945767.545]  -> wl_display@1.sync(new id wl_callback@49)
[2945767.826] wl_display@1.delete_id(49)
[2945767.841] wl_display@1.delete_id(47)
[2945767.846] wl_callback@47.done(6545772)
[2945774.965] wl_buffer@42.release()
[2945774.977] wl_callback@49.done(194)
[2945774.992]  -> wl_surface@37.frame(new id wl_callback@49)
[2945775.031]  -> wl_surface@37.attach(wl_buffer@42, 0, 0)
[2945775.034]  -> wl_surface@37.damage(0, 0, 2147483647, 2147483647)
[2945775.036]  -> wl_surface@37.commit()
[2945775.038]  -> wl_display@1.sync(new id wl_callback@47)
[2945775.317] wl_display@1.delete_id(47)
[2945775.325] wl_display@1.delete_id(49)
[2945775.334] wl_callback@49.done(6545779)
[2945782.525] wl_buffer@38.release()
[2945782.535] wl_callback@47.done(194)
[2945782.548]  -> wl_surface@37.frame(new id wl_callback@47)
[2945782.573]  -> wl_surface@37.attach(wl_buffer@38, 0, 0)
[2945782.576]  -> wl_surface@37.damage(0, 0, 2147483647, 2147483647)
[2945782.578]  -> wl_surface@37.commit()
[2945782.580]  -> wl_display@1.sync(new id wl_callback@49)
[2945782.683] wl_display@1.delete_id(49)
[2945782.691] wl_display@1.delete_id(47)
[2945782.694] wl_callback@47.done(6545787)
[2945787.024] wl_buffer@42.release()
[2945787.035] wl_callback@49.done(194)
[2945787.048]  -> wl_surface@37.frame(new id wl_callback@49)
[2945787.072]  -> wl_surface@37.attach(wl_buffer@42, 0, 0)
[2945787.075]  -> wl_surface@37.damage(0, 0, 2147483647, 2147483647)
[2945787.078]  -> wl_surface@37.commit()
[2945787.080]  -> wl_display@1.sync(new id wl_callback@47)
[2945787.336] wl_display@1.delete_id(47)
[2945787.356] wl_display@1.delete_id(49)
[2945787.359] wl_callback@49.done(6545792)
[2945792.286] wl_buffer@38.release()
[2945792.298] wl_callback@47.done(194)
[2945792.312]  -> wl_surface@37.frame(new id wl_callback@47)
[2945792.341]  -> wl_surface@37.attach(wl_buffer@38, 0, 0)
[2945792.345]  -> wl_surface@37.damage(0, 0, 2147483647, 2147483647)
[2945792.347]  -> wl_surface@37.commit()
[2945792.350]  -> wl_display@1.sync(new id wl_callback@49)
[2945792.613] wl_display@1.delete_id(49)
[2945792.625] wl_display@1.delete_id(47)
[2945792.629] wl_callback@47.done(6545797)
[2945796.976] wl_buffer@42.release()
[2945796.987] wl_callback@49.done(194)
[2945797.000]  -> wl_surface@37.frame(new id wl_callback@49)
[2945797.023]  -> wl_surface@37.attach(wl_buffer@42, 0, 0)
[2945797.027]  -> wl_surface@37.damage(0, 0, 2147483647, 2147483647)
[2945797.029]  -> wl_surface@37.commit()
[2945797.031]  -> wl_display@1.sync(new id wl_callback@47)
[2945797.159] wl_display@1.delete_id(47)
[2945797.167] wl_display@1.delete_id(49)
[2945797.173] wl_callback@49.done(6545801)
[2945819.677] wl_buffer@38.release()
[2945819.688] wl_callback@47.done(194)
[2945819.701]  -> wl_surface@37.frame(new id wl_callback@47)
[2945819.742]  -> wl_surface@37.attach(wl_buffer@38, 0, 0)
[2945819.746]  -> wl_surface@37.damage(0, 0, 2147483647, 2147483647)
[2945819.748]  -> wl_surface@37.commit()
[2945819.751]  -> wl_display@1.sync(new id wl_callback@49)
[2945820.019] wl_display@1.delete_id(49)
[2945820.035] wl_callback@47.done(6545824)
[2945820.023] wl_display@1.delete_id(47)
[2945825.865] wl_buffer@42.release()
[2945825.875] wl_callback@49.done(194)
[2945825.889]  -> wl_surface@37.frame(new id wl_callback@49)
[2945825.912]  -> wl_surface@37.attach(wl_buffer@42, 0, 0)
[2945825.916]  -> wl_surface@37.damage(0, 0, 2147483647, 2147483647)
[2945825.918]  -> wl_surface@37.commit()
[2945825.920]  -> wl_display@1.sync(new id wl_callback@47)
[2945825.972] wl_display@1.delete_id(47)
[2945826.293] wl_display@1.delete_id(49)
[2945826.300] wl_callback@49.done(6545830)
[2945845.458] wl_buffer@38.release()
[2945845.469] wl_callback@47.done(194)
[2945845.481]  -> wl_surface@37.frame(new id wl_callback@47)
[2945845.509]  -> wl_surface@37.attach(wl_buffer@38, 0, 0)
[2945845.512]  -> wl_surface@37.damage(0, 0, 2147483647, 2147483647)
[2945845.514]  -> wl_surface@37.commit()
[2945845.517]  -> wl_display@1.sync(new id wl_callback@49)
[2945845.663] wl_display@1.delete_id(49)
[2945845.674] wl_callback@47.done(6545850)
[2945845.668] wl_display@1.delete_id(47)
qt.svg: Error while inflating gzip file: SVG format check failed
[2945857.649] wl_buffer@42.release()
[2945857.659] wl_callback@49.done(194)
[2945857.673]  -> wl_surface@37.frame(new id wl_callback@49)
[2945857.695]  -> wl_surface@37.attach(wl_buffer@42, 0, 0)
[2945857.698]  -> wl_surface@37.damage(0, 0, 2147483647, 2147483647)
[2945857.701]  -> wl_surface@37.commit()
[2945857.704]  -> wl_display@1.sync(new id wl_callback@47)
[2945857.858] wl_display@1.delete_id(47)
[2945857.870] wl_display@1.delete_id(49)
[2945857.877] wl_callback@49.done(6545862)
[2945878.900] wl_buffer@38.release()
[2945878.911] wl_callback@47.done(194)
[2945878.924]  -> wl_surface@37.frame(new id wl_callback@47)
[2945878.951]  -> wl_surface@37.attach(wl_buffer@38, 0, 0)
[2945878.954]  -> wl_surface@37.damage(0, 0, 2147483647, 2147483647)
[2945878.956]  -> wl_surface@37.commit()
[2945878.959]  -> wl_display@1.sync(new id wl_callback@49)
[2945879.272] wl_display@1.delete_id(49)
[2945879.287] wl_display@1.delete_id(47)
[2945879.291] wl_callback@47.done(6545883)
[2945883.151] wl_buffer@42.release()
[2945883.162] wl_callback@49.done(194)
[2945883.175]  -> wl_surface@37.frame(new id wl_callback@49)
[2945883.199]  -> wl_surface@37.attach(wl_buffer@42, 0, 0)
[2945883.202]  -> wl_surface@37.damage(0, 0, 2147483647, 2147483647)
[2945883.204]  -> wl_surface@37.commit()
[2945883.206]  -> wl_display@1.sync(new id wl_callback@47)
[2945883.522] wl_display@1.delete_id(47)
[2945883.536] wl_display@1.delete_id(49)
[2945883.541] wl_callback@49.done(6545888)
[2945887.017] wl_buffer@38.release()
[2945887.033] wl_callback@47.done(194)
[2945887.046]  -> wl_surface@37.frame(new id wl_callback@47)
[2945887.072]  -> wl_surface@37.attach(wl_buffer@38, 0, 0)
[2945887.075]  -> wl_surface@37.damage(0, 0, 2147483647, 2147483647)
[2945887.078]  -> wl_surface@37.commit()
[2945887.080]  -> wl_display@1.sync(new id wl_callback@49)
[2945887.250] wl_display@1.delete_id(49)
[2945887.264] wl_display@1.delete_id(47)
[2945887.265] wl_callback@47.done(6545891)
[2945911.976] wl_buffer@42.release()
[2945911.986] wl_callback@49.done(194)
[2945911.999]  -> wl_surface@37.frame(new id wl_callback@49)
[2945912.047]  -> wl_surface@37.attach(wl_buffer@42, 0, 0)
[2945912.050]  -> wl_surface@37.damage(0, 0, 2147483647, 2147483647)
[2945912.052]  -> wl_surface@37.commit()
[2945912.056]  -> wl_display@1.sync(new id wl_callback@47)
[2945912.261] wl_display@1.delete_id(47)
[2945912.276] wl_display@1.delete_id(49)
[2945912.280] wl_callback@49.done(6545916)
[2945945.645] wl_buffer@38.release()
[2945945.656] wl_callback@47.done(194)
[2945945.669]  -> wl_surface@37.frame(new id wl_callback@47)
[2945945.716]  -> wl_surface@37.attach(wl_buffer@38, 0, 0)
[2945945.719]  -> wl_surface@37.damage(0, 0, 2147483647, 2147483647)
[2945945.721]  -> wl_surface@37.commit()
[2945945.724]  -> wl_display@1.sync(new id wl_callback@49)
[2945946.009] wl_display@1.delete_id(49)
[2945946.023] wl_display@1.delete_id(47)
[2945946.028] wl_callback@47.done(6545950)
[2945951.744] wl_buffer@42.release()
[2945951.754] wl_callback@49.done(194)
[2945951.768]  -> wl_surface@37.frame(new id wl_callback@49)
[2945951.800]  -> wl_surface@37.attach(wl_buffer@42, 0, 0)
[2945951.803]  -> wl_surface@37.damage(0, 0, 2147483647, 2147483647)
[2945951.805]  -> wl_surface@37.commit()
[2945951.808]  -> wl_display@1.sync(new id wl_callback@47)
[2945952.100] wl_display@1.delete_id(47)
[2945952.114] wl_display@1.delete_id(49)
[2945952.119] wl_callback@49.done(6545956)
qt.svg: Error while inflating gzip file: SVG format check failed
qt.svg: Error while inflating gzip file: SVG format check failed
qt.svg: Error while inflating gzip file: SVG format check failed
qt.svg: Error while inflating gzip file: SVG format check failed
qt.svg: Error while inflating gzip file: SVG format check failed
qt.svg: Error while inflating gzip file: SVG format check failed
[2945955.984]  -> xdg_toplevel@32.set_title("Telegram (28299)")
[2945962.769] wl_buffer@38.release()
[2945962.780] wl_callback@47.done(194)
[2945962.794]  -> wl_surface@37.frame(new id wl_callback@47)
[2945962.824]  -> wl_surface@37.attach(wl_buffer@38, 0, 0)
[2945962.827]  -> wl_surface@37.damage(0, 0, 2147483647, 2147483647)
[2945962.830]  -> wl_surface@37.commit()
[2945962.832]  -> wl_display@1.sync(new id wl_callback@49)
[2945962.878] wl_display@1.delete_id(49)
[2945965.917] wl_display@1.delete_id(47)
[2945965.923] wl_callback@47.done(6545970)
qt.gui.imageio.jpeg: Corrupt JPEG data: premature end of data segment
qt.gui.imageio.jpeg: Corrupt JPEG data: premature end of data segment
[2945980.854] wl_buffer@42.release()
[2945980.864] wl_callback@49.done(194)
[2945980.877]  -> wl_surface@37.frame(new id wl_callback@49)
[2945980.903]  -> wl_surface@37.attach(wl_buffer@42, 0, 0)
[2945980.906]  -> wl_surface@37.damage(0, 0, 2147483647, 2147483647)
[2945980.908]  -> wl_surface@37.commit()
[2945980.911]  -> wl_display@1.sync(new id wl_callback@47)
[2945981.193] wl_display@1.delete_id(47)
[2945981.199] wl_display@1.delete_id(49)
[2945981.202] wl_callback@49.done(6545985)
[2945982.484] wl_buffer@38.release()
[2945982.494] wl_callback@47.done(194)
[2945982.508]  -> wl_surface@37.frame(new id wl_callback@47)
[2945982.532]  -> wl_surface@37.attach(wl_buffer@38, 0, 0)
[2945982.535]  -> wl_surface@37.damage(0, 0, 2147483647, 2147483647)
[2945982.538]  -> wl_surface@37.commit()
[2945982.540]  -> wl_display@1.sync(new id wl_callback@49)
[2945982.566] wl_display@1.delete_id(49)
[2945983.773] wl_display@1.delete_id(47)
[2945983.776] wl_callback@47.done(6545988)
[2946015.645] wl_buffer@42.release()
[2946015.656] wl_callback@49.done(194)
[2946015.669]  -> wl_surface@37.frame(new id wl_callback@49)
[2946015.714]  -> wl_surface@37.attach(wl_buffer@42, 0, 0)
[2946015.718]  -> wl_surface@37.damage(0, 0, 2147483647, 2147483647)
[2946015.720]  -> wl_surface@37.commit()
[2946015.722]  -> wl_display@1.sync(new id wl_callback@47)
[2946016.013] wl_display@1.delete_id(47)
[2946016.027] wl_display@1.delete_id(49)
[2946016.032] wl_callback@49.done(6546020)
[2946048.764] wl_buffer@38.release()
[2946048.774] wl_callback@47.done(194)
[2946048.788]  -> wl_surface@37.frame(new id wl_callback@47)
[2946048.835]  -> wl_surface@37.attach(wl_buffer@38, 0, 0)
[2946048.839]  -> wl_surface@37.damage(0, 0, 2147483647, 2147483647)
[2946048.841]  -> wl_surface@37.commit()
[2946048.845]  -> wl_display@1.sync(new id wl_callback@49)
[2946049.129] wl_display@1.delete_id(49)
[2946049.143] wl_display@1.delete_id(47)
[2946049.147] wl_callback@47.done(6546053)
[2946082.090] wl_buffer@42.release()
[2946082.101] wl_callback@49.done(194)
[2946082.114]  -> wl_surface@37.frame(new id wl_callback@49)
[2946082.161]  -> wl_surface@37.attach(wl_buffer@42, 0, 0)
[2946082.165]  -> wl_surface@37.damage(0, 0, 2147483647, 2147483647)
[2946082.167]  -> wl_surface@37.commit()
[2946082.169]  -> wl_display@1.sync(new id wl_callback@47)
[2946082.378] wl_display@1.delete_id(47)
[2946082.392] wl_display@1.delete_id(49)
[2946082.397] wl_callback@49.done(6546087)
[2946087.101] wl_buffer@38.release()
[2946087.112] wl_callback@47.done(194)
[2946087.125]  -> wl_surface@37.frame(new id wl_callback@47)
[2946087.168]  -> wl_surface@37.attach(wl_buffer@38, 0, 0)
[2946087.171]  -> wl_surface@37.damage(0, 0, 2147483647, 2147483647)
[2946087.173]  -> wl_surface@37.commit()
[2946087.176]  -> wl_display@1.sync(new id wl_callback@49)
[2946087.347] wl_display@1.delete_id(49)
[2946087.363] wl_display@1.delete_id(47)
[2946087.369] wl_callback@47.done(6546092)
[2946091.179] wl_buffer@42.release()
[2946091.189] wl_callback@49.done(194)
[2946091.202]  -> wl_surface@37.frame(new id wl_callback@49)
[2946091.234]  -> wl_surface@37.attach(wl_buffer@42, 0, 0)
[2946091.238]  -> wl_surface@37.damage(0, 0, 2147483647, 2147483647)
[2946091.240]  -> wl_surface@37.commit()
[2946091.243]  -> wl_display@1.sync(new id wl_callback@47)
[2946091.304] wl_display@1.delete_id(47)
[2946093.129] wl_display@1.delete_id(49)
[2946093.140] wl_callback@49.done(6546097)
[2946116.878] wl_buffer@38.release()
[2946116.888] wl_callback@47.done(194)
[2946116.901]  -> wl_surface@37.frame(new id wl_callback@47)
[2946116.930]  -> wl_surface@37.attach(wl_buffer@38, 0, 0)
[2946116.933]  -> wl_surface@37.damage(0, 0, 2147483647, 2147483647)
[2946116.935]  -> wl_surface@37.commit()
[2946116.939]  -> wl_display@1.sync(new id wl_callback@49)
[2946117.195] wl_display@1.delete_id(49)
[2946117.209] wl_display@1.delete_id(47)
[2946117.213] wl_callback@47.done(6546121)
[2946149.788]  -> xdg_toplevel@32.set_title("Telegram (28642)")
[2946155.269] wl_buffer@42.release()
[2946155.279] wl_callback@49.done(194)
[2946155.292]  -> wl_surface@37.frame(new id wl_callback@49)
[2946155.326]  -> wl_surface@37.attach(wl_buffer@42, 0, 0)
[2946155.329]  -> wl_surface@37.damage(0, 0, 2147483647, 2147483647)
[2946155.331]  -> wl_surface@37.commit()
[2946155.334]  -> wl_display@1.sync(new id wl_callback@47)
[2946155.381] wl_display@1.delete_id(47)
[2946156.935] wl_buffer@38.release()
[2946156.944] wl_callback@47.done(194)
[2946156.976]  -> wl_surface@37.attach(wl_buffer@38, 0, 0)
[2946156.979]  -> wl_surface@37.damage(0, 0, 2147483647, 2147483647)
[2946156.981]  -> wl_surface@37.commit()
[2946156.983]  -> wl_display@1.sync(new id wl_callback@47)
[2946157.015] wl_display@1.delete_id(47)
[2946159.753] wl_display@1.delete_id(49)
[2946159.768] wl_callback@49.done(6546164)
[2946186.401] wl_buffer@42.release()
[2946186.412] wl_callback@47.done(194)
[2946186.425]  -> wl_surface@37.frame(new id wl_callback@47)
[2946186.471]  -> wl_surface@37.attach(wl_buffer@42, 0, 0)
[2946186.474]  -> wl_surface@37.damage(0, 0, 2147483647, 2147483647)
[2946186.477]  -> wl_surface@37.commit()
[2946186.480]  -> wl_display@1.sync(new id wl_callback@49)
[2946186.771] wl_display@1.delete_id(49)
[2946186.786] wl_display@1.delete_id(47)
[2946186.790] wl_callback@47.done(6546191)
[2946219.848] wl_buffer@38.release()
[2946219.858] wl_callback@49.done(194)
[2946219.871]  -> wl_surface@37.frame(new id wl_callback@49)
[2946219.918]  -> wl_surface@37.attach(wl_buffer@38, 0, 0)
[2946219.921]  -> wl_surface@37.damage(0, 0, 2147483647, 2147483647)
[2946219.924]  -> wl_surface@37.commit()
[2946219.926]  -> wl_display@1.sync(new id wl_callback@47)
[2946220.175] wl_display@1.delete_id(47)
[2946220.189] wl_display@1.delete_id(49)
[2946220.194] wl_callback@49.done(6546224)
[2946253.004] wl_buffer@42.release()
[2946253.015] wl_callback@47.done(194)
[2946253.028]  -> wl_surface@37.frame(new id wl_callback@47)
[2946253.075]  -> wl_surface@37.attach(wl_buffer@42, 0, 0)
[2946253.078]  -> wl_surface@37.damage(0, 0, 2147483647, 2147483647)
[2946253.081]  -> wl_surface@37.commit()
[2946253.083]  -> wl_display@1.sync(new id wl_callback@49)
[2946253.374] wl_display@1.delete_id(49)
[2946253.389] wl_display@1.delete_id(47)
[2946253.394] wl_callback@47.done(6546258)
[2946263.505] wl_buffer@38.release()
[2946263.515] wl_callback@49.done(194)
[2946263.529]  -> wl_surface@37.frame(new id wl_callback@49)
[2946263.569]  -> wl_surface@37.attach(wl_buffer@38, 0, 0)
[2946263.573]  -> wl_surface@37.damage(0, 0, 2147483647, 2147483647)
[2946263.575]  -> wl_surface@37.commit()
[2946263.577]  -> wl_display@1.sync(new id wl_callback@47)
[2946263.783] wl_display@1.delete_id(47)
[2946263.798] wl_display@1.delete_id(49)
[2946263.802] wl_callback@49.done(6546268)
[2946286.167] wl_buffer@42.release()
[2946286.178] wl_callback@47.done(194)
[2946286.191]  -> wl_surface@37.frame(new id wl_callback@47)
[2946286.240]  -> wl_surface@37.attach(wl_buffer@42, 0, 0)
[2946286.244]  -> wl_surface@37.damage(0, 0, 2147483647, 2147483647)
[2946286.246]  -> wl_surface@37.commit()
[2946286.248]  -> wl_display@1.sync(new id wl_callback@49)
[2946286.536] wl_display@1.delete_id(49)
[2946286.551] wl_display@1.delete_id(47)
[2946286.556] wl_callback@47.done(6546291)
[2946320.408] wl_buffer@38.release()
[2946320.419] wl_callback@49.done(194)
[2946320.432]  -> wl_surface@37.frame(new id wl_callback@49)
[2946320.479]  -> wl_surface@37.attach(wl_buffer@38, 0, 0)
[2946320.482]  -> wl_surface@37.damage(0, 0, 2147483647, 2147483647)
[2946320.484]  -> wl_surface@37.commit()
[2946320.486]  -> wl_display@1.sync(new id wl_callback@47)
[2946320.773] wl_display@1.delete_id(47)
[2946320.788] wl_display@1.delete_id(49)
[2946320.792] wl_callback@49.done(6546325)
[2946342.237]  -> xdg_toplevel@32.set_title("Telegram (28666)")
[2946347.749] wl_buffer@42.release()
[2946347.760] wl_callback@47.done(194)
[2946347.773]  -> wl_surface@37.frame(new id wl_callback@47)
[2946347.808]  -> wl_surface@37.attach(wl_buffer@42, 0, 0)
[2946347.811]  -> wl_surface@37.damage(0, 0, 2147483647, 2147483647)
[2946347.813]  -> wl_surface@37.commit()
[2946347.815]  -> wl_display@1.sync(new id wl_callback@49)
[2946347.858] wl_display@1.delete_id(49)
[2946352.775] wl_buffer@38.release()
[2946352.786] wl_callback@49.done(194)
[2946352.816]  -> wl_surface@37.attach(wl_buffer@38, 0, 0)
[2946352.820]  -> wl_surface@37.damage(0, 0, 2147483647, 2147483647)
[2946352.823]  -> wl_surface@37.commit()
[2946352.825]  -> wl_display@1.sync(new id wl_callback@49)
[2946352.858] wl_display@1.delete_id(49)
[2946353.293] wl_display@1.delete_id(47)
[2946353.307] wl_callback@47.done(6546357)
[2946354.199] wl_buffer@42.release()
[2946354.209] wl_callback@49.done(194)
[2946354.226]  -> wl_surface@37.frame(new id wl_callback@49)
[2946354.249]  -> wl_surface@37.attach(wl_buffer@42, 0, 0)
[2946354.252]  -> wl_surface@37.damage(0, 0, 2147483647, 2147483647)
[2946354.254]  -> wl_surface@37.commit()
[2946354.256]  -> wl_display@1.sync(new id wl_callback@47)
[2946354.293] wl_display@1.delete_id(47)
[2946359.640] wl_display@1.delete_id(49)
[2946359.654] wl_callback@49.done(6546364)
[2946388.229] wl_buffer@38.release()
[2946388.239] wl_callback@47.done(194)
[2946388.253]  -> wl_surface@37.frame(new id wl_callback@47)
[2946388.309]  -> wl_surface@37.attach(wl_buffer@38, 0, 0)
[2946388.314]  -> wl_surface@37.damage(0, 0, 2147483647, 2147483647)
[2946388.317]  -> wl_surface@37.commit()
[2946388.321]  -> wl_display@1.sync(new id wl_callback@49)
[2946388.602] wl_display@1.delete_id(49)
[2946388.617] wl_display@1.delete_id(47)
[2946388.621] wl_callback@47.done(6546393)
[2946411.980] wl_buffer@42.release()
[2946411.991] wl_callback@49.done(194)
[2946412.004]  -> wl_surface@37.frame(new id wl_callback@49)
[2946412.051]  -> wl_surface@37.attach(wl_buffer@42, 0, 0)
[2946412.054]  -> wl_surface@37.damage(0, 0, 2147483647, 2147483647)
[2946412.057]  -> wl_surface@37.commit()
[2946412.059]  -> wl_display@1.sync(new id wl_callback@47)
[2946412.351] wl_display@1.delete_id(47)
[2946412.365] wl_display@1.delete_id(49)
[2946412.369] wl_callback@49.done(6546417)
[2946421.145] wl_buffer@38.release()
[2946421.155] wl_callback@47.done(194)
[2946421.168]  -> wl_surface@37.frame(new id wl_callback@47)
[2946421.201]  -> wl_surface@37.attach(wl_buffer@38, 0, 0)
[2946421.205]  -> wl_surface@37.damage(0, 0, 2147483647, 2147483647)
[2946421.207]  -> wl_surface@37.commit()
[2946421.210]  -> wl_display@1.sync(new id wl_callback@49)
[2946421.559] wl_display@1.delete_id(49)
[2946421.573] wl_display@1.delete_id(47)
[2946421.578] wl_callback@47.done(6546426)
[2946455.189] wl_buffer@42.release()
[2946455.199] wl_callback@49.done(194)
[2946455.213]  -> wl_surface@37.frame(new id wl_callback@49)
[2946455.250]  -> wl_surface@37.attach(wl_buffer@42, 0, 0)
[2946455.254]  -> wl_surface@37.damage(0, 0, 2147483647, 2147483647)
[2946455.256]  -> wl_surface@37.commit()
[2946455.258]  -> wl_display@1.sync(new id wl_callback@47)
[2946455.558] wl_display@1.delete_id(47)
[2946455.573] wl_display@1.delete_id(49)
[2946455.577] wl_callback@49.done(6546460)
[2946475.584] wl_buffer@38.release()
[2946475.596] wl_callback@47.done(194)
[2946475.609]  -> wl_surface@37.frame(new id wl_callback@47)
[2946475.637]  -> wl_surface@37.attach(wl_buffer@38, 0, 0)
[2946475.640]  -> wl_surface@37.damage(0, 0, 2147483647, 2147483647)
[2946475.643]  -> wl_surface@37.commit()
[2946475.645]  -> wl_display@1.sync(new id wl_callback@49)
[2946475.851] wl_display@1.delete_id(49)
[2946475.867] wl_display@1.delete_id(47)
[2946475.872] wl_callback@47.done(6546480)
[2946480.099] wl_buffer@42.release()
[2946480.111] wl_callback@49.done(194)
[2946480.124]  -> wl_surface@37.frame(new id wl_callback@49)
[2946480.148]  -> wl_surface@37.attach(wl_buffer@42, 0, 0)
[2946480.152]  -> wl_surface@37.damage(0, 0, 2147483647, 2147483647)
[2946480.154]  -> wl_surface@37.commit()
[2946480.156]  -> wl_display@1.sync(new id wl_callback@47)
[2946480.230] wl_display@1.delete_id(47)
[2946480.561] wl_display@1.delete_id(49)
[2946480.575] wl_callback@49.done(6546485)
[2946489.092] wl_buffer@38.release()
[2946489.102] wl_callback@47.done(194)
[2946489.116]  -> wl_surface@37.frame(new id wl_callback@47)
[2946489.142]  -> wl_surface@37.attach(wl_buffer@38, 0, 0)
[2946489.146]  -> wl_surface@37.damage(0, 0, 2147483647, 2147483647)
[2946489.148]  -> wl_surface@37.commit()
[2946489.150]  -> wl_display@1.sync(new id wl_callback@49)
[2946489.450] wl_display@1.delete_id(49)
[2946489.464] wl_display@1.delete_id(47)
[2946489.469] wl_callback@47.done(6546494)
[2946523.277] wl_buffer@42.release()
[2946523.287] wl_callback@49.done(194)
[2946523.301]  -> wl_surface@37.frame(new id wl_callback@49)
[2946523.349]  -> wl_surface@37.attach(wl_buffer@42, 0, 0)
[2946523.352]  -> wl_surface@37.damage(0, 0, 2147483647, 2147483647)
[2946523.354]  -> wl_surface@37.commit()
[2946523.357]  -> wl_display@1.sync(new id wl_callback@47)
[2946523.545] wl_display@1.delete_id(47)
[2946523.559] wl_display@1.delete_id(49)
[2946523.563] wl_callback@49.done(6546528)
[2946555.567] wl_buffer@38.release()
[2946555.578] wl_callback@47.done(194)
[2946555.591]  -> wl_surface@37.frame(new id wl_callback@47)
[2946555.639]  -> wl_surface@37.attach(wl_buffer@38, 0, 0)
[2946555.643]  -> wl_surface@37.damage(0, 0, 2147483647, 2147483647)
[2946555.645]  -> wl_surface@37.commit()
[2946555.652]  -> wl_display@1.sync(new id wl_callback@49)
[2946555.935] wl_display@1.delete_id(49)
[2946555.950] wl_display@1.delete_id(47)
[2946555.954] wl_callback@47.done(6546560)
[2946557.137] wl_buffer@42.release()
[2946557.147] wl_callback@49.done(194)
[2946557.160]  -> wl_surface@37.frame(new id wl_callback@49)
[2946557.198]  -> wl_surface@37.attach(wl_buffer@42, 0, 0)
[2946557.201]  -> wl_surface@37.damage(0, 0, 2147483647, 2147483647)
[2946557.203]  -> wl_surface@37.commit()
[2946557.206]  -> wl_display@1.sync(new id wl_callback@47)
[2946557.257] wl_display@1.delete_id(47)
[2946559.589] wl_display@1.delete_id(49)
[2946559.604] wl_callback@49.done(6546564)
[2946566.245] wl_buffer@38.release()
[2946566.259] wl_callback@47.done(194)
[2946566.273]  -> wl_surface@37.frame(new id wl_callback@47)
[2946566.296]  -> wl_surface@37.attach(wl_buffer@38, 0, 0)
[2946566.299]  -> wl_surface@37.damage(0, 0, 2147483647, 2147483647)
[2946566.301]  -> wl_surface@37.commit()
[2946566.304]  -> wl_display@1.sync(new id wl_callback@49)
[2946566.451] wl_display@1.delete_id(49)
[2946566.463] wl_display@1.delete_id(47)
[2946566.466] wl_callback@47.done(6546571)
[2946571.357] wl_buffer@42.release()
[2946571.369] wl_callback@49.done(194)
[2946571.382]  -> wl_surface@37.frame(new id wl_callback@49)
[2946571.408]  -> wl_surface@37.attach(wl_buffer@42, 0, 0)
[2946571.411]  -> wl_surface@37.damage(0, 0, 2147483647, 2147483647)
[2946571.413]  -> wl_surface@37.commit()
[2946571.415]  -> wl_display@1.sync(new id wl_callback@47)
[2946571.460] wl_display@1.delete_id(47)
[2946571.671] wl_display@1.delete_id(49)
[2946571.676] wl_callback@49.done(6546576)
[2946591.271] wl_buffer@38.release()
[2946591.282] wl_callback@47.done(194)
[2946591.295]  -> wl_surface@37.frame(new id wl_callback@47)
[2946591.326]  -> wl_surface@37.attach(wl_buffer@38, 0, 0)
[2946591.330]  -> wl_surface@37.damage(0, 0, 2147483647, 2147483647)
[2946591.332]  -> wl_surface@37.commit()
[2946591.334]  -> wl_display@1.sync(new id wl_callback@49)
[2946591.637] wl_display@1.delete_id(49)
[2946591.652] wl_display@1.delete_id(47)
[2946591.656] wl_callback@47.done(6546596)
[2946624.387] wl_buffer@42.release()
[2946624.398] wl_callback@49.done(194)
[2946624.411]  -> wl_surface@37.frame(new id wl_callback@49)
[2946624.457]  -> wl_surface@37.attach(wl_buffer@42, 0, 0)
[2946624.461]  -> wl_surface@37.damage(0, 0, 2147483647, 2147483647)
[2946624.463]  -> wl_surface@37.commit()
[2946624.465]  -> wl_display@1.sync(new id wl_callback@47)
[2946624.758] wl_display@1.delete_id(47)
[2946624.773] wl_display@1.delete_id(49)
[2946624.777] wl_callback@49.done(6546629)
[2946658.156] wl_buffer@38.release()
[2946658.167] wl_callback@47.done(194)
[2946658.180]  -> wl_surface@37.frame(new id wl_callback@47)
[2946658.219]  -> wl_surface@37.attach(wl_buffer@38, 0, 0)
[2946658.223]  -> wl_surface@37.damage(0, 0, 2147483647, 2147483647)
[2946658.225]  -> wl_surface@37.commit()
[2946658.227]  -> wl_display@1.sync(new id wl_callback@49)
[2946658.525] wl_display@1.delete_id(49)
[2946658.540] wl_display@1.delete_id(47)
[2946658.544] wl_callback@47.done(6546663)
[2946666.452] wl_buffer@42.release()
[2946666.463] wl_callback@49.done(194)
[2946666.477]  -> wl_surface@37.frame(new id wl_callback@49)
[2946666.524]  -> wl_surface@37.attach(wl_buffer@42, 0, 0)
[2946666.528]  -> wl_surface@37.damage(0, 0, 2147483647, 2147483647)
[2946666.530]  -> wl_surface@37.commit()
[2946666.532]  -> wl_display@1.sync(new id wl_callback@47)
[2946666.810] wl_display@1.delete_id(47)
[2946666.825] wl_display@1.delete_id(49)
[2946666.829] wl_callback@49.done(6546671)
[2946692.372] wl_buffer@38.release()
[2946692.382] wl_callback@47.done(194)
[2946692.396]  -> wl_surface@37.frame(new id wl_callback@47)
[2946692.444]  -> wl_surface@37.attach(wl_buffer@38, 0, 0)
[2946692.447]  -> wl_surface@37.damage(0, 0, 2147483647, 2147483647)
[2946692.449]  -> wl_surface@37.commit()
[2946692.451]  -> wl_display@1.sync(new id wl_callback@49)
[2946692.676] wl_display@1.delete_id(49)
[2946692.691] wl_display@1.delete_id(47)
[2946692.695] wl_callback@47.done(6546697)
[2946725.480] wl_buffer@42.release()
[2946725.490] wl_callback@49.done(194)
[2946725.504]  -> wl_surface@37.frame(new id wl_callback@49)
[2946725.542]  -> wl_surface@37.attach(wl_buffer@42, 0, 0)
[2946725.546]  -> wl_surface@37.damage(0, 0, 2147483647, 2147483647)
[2946725.549]  -> wl_surface@37.commit()
[2946725.552]  -> wl_display@1.sync(new id wl_callback@47)
[2946725.594] wl_display@1.delete_id(47)
[2946729.166] wl_display@1.delete_id(49)
[2946729.183] wl_callback@49.done(6546733)
[2946759.116] wl_buffer@38.release()
[2946759.126] wl_callback@47.done(194)
[2946759.140]  -> wl_surface@37.frame(new id wl_callback@47)
[2946759.188]  -> wl_surface@37.attach(wl_buffer@38, 0, 0)
[2946759.192]  -> wl_surface@37.damage(0, 0, 2147483647, 2147483647)
[2946759.195]  -> wl_surface@37.commit()
[2946759.199]  -> wl_display@1.sync(new id wl_callback@49)
[2946759.244] wl_display@1.delete_id(49)
[2946759.504] wl_display@1.delete_id(47)
[2946759.520] wl_callback@47.done(6546764)
[2946784.875] wl_buffer@42.release()
[2946784.886] wl_callback@49.done(194)
[2946784.899]  -> wl_surface@37.frame(new id wl_callback@49)
[2946784.939]  -> wl_surface@37.attach(wl_buffer@42, 0, 0)
[2946784.942]  -> wl_surface@37.damage(0, 0, 2147483647, 2147483647)
[2946784.945]  -> wl_surface@37.commit()
[2946784.947]  -> wl_display@1.sync(new id wl_callback@47)
[2946785.208] wl_display@1.delete_id(47)
[2946785.216] wl_display@1.delete_id(49)
[2946785.220] wl_callback@49.done(6546789)
[2946791.728] wl_buffer@38.release()
[2946791.738] wl_callback@47.done(194)
[2946791.751]  -> wl_surface@37.frame(new id wl_callback@47)
[2946791.782]  -> wl_surface@37.attach(wl_buffer@38, 0, 0)
[2946791.785]  -> wl_surface@37.damage(0, 0, 2147483647, 2147483647)
[2946791.787]  -> wl_surface@37.commit()
[2946791.790]  -> wl_display@1.sync(new id wl_callback@49)
[2946791.833] wl_display@1.delete_id(49)
[2946795.805] wl_display@1.delete_id(47)
[2946795.820] wl_callback@47.done(6546800)
[2946825.618] wl_buffer@42.release()
[2946825.628] wl_callback@49.done(194)
[2946825.641]  -> wl_surface@37.frame(new id wl_callback@49)
[2946825.688]  -> wl_surface@37.attach(wl_buffer@42, 0, 0)
[2946825.692]  -> wl_surface@37.damage(0, 0, 2147483647, 2147483647)
[2946825.694]  -> wl_surface@37.commit()
[2946825.696]  -> wl_display@1.sync(new id wl_callback@47)
[2946825.739] wl_display@1.delete_id(47)
[2946826.004] wl_display@1.delete_id(49)
[2946826.019] wl_callback@49.done(6546830)
[2946858.907] wl_buffer@38.release()
[2946858.917] wl_callback@47.done(194)
[2946858.930]  -> wl_surface@37.frame(new id wl_callback@47)
[2946858.977]  -> wl_surface@37.attach(wl_buffer@38, 0, 0)
[2946858.980]  -> wl_surface@37.damage(0, 0, 2147483647, 2147483647)
[2946858.982]  -> wl_surface@37.commit()
[2946858.985]  -> wl_display@1.sync(new id wl_callback@49)
[2946859.251] wl_display@1.delete_id(49)
[2946859.268] wl_display@1.delete_id(47)
[2946859.272] wl_callback@47.done(6546863)
[2946892.035] wl_buffer@42.release()
[2946892.045] wl_callback@49.done(194)
[2946892.059]  -> wl_surface@37.frame(new id wl_callback@49)
[2946892.105]  -> wl_surface@37.attach(wl_buffer@42, 0, 0)
[2946892.109]  -> wl_surface@37.damage(0, 0, 2147483647, 2147483647)
[2946892.111]  -> wl_surface@37.commit()
[2946892.113]  -> wl_display@1.sync(new id wl_callback@47)
[2946892.377] wl_display@1.delete_id(47)
[2946892.390] wl_display@1.delete_id(49)
[2946892.394] wl_callback@49.done(6546897)
[2946926.220] wl_buffer@38.release()
[2946926.230] wl_callback@47.done(194)
[2946926.246]  -> wl_surface@37.frame(new id wl_callback@47)
[2946926.294]  -> wl_surface@37.attach(wl_buffer@38, 0, 0)
[2946926.298]  -> wl_surface@37.damage(0, 0, 2147483647, 2147483647)
[2946926.300]  -> wl_surface@37.commit()
[2946926.302]  -> wl_display@1.sync(new id wl_callback@49)
[2946926.567] wl_display@1.delete_id(49)
[2946926.585] wl_display@1.delete_id(47)
[2946926.589] wl_callback@47.done(6546931)
[2946937.016] wl_buffer@42.release()
[2946937.026] wl_callback@49.done(194)
[2946937.040]  -> wl_surface@37.frame(new id wl_callback@49)
[2946937.078]  -> wl_surface@37.attach(wl_buffer@42, 0, 0)
[2946937.088]  -> wl_surface@37.damage(0, 0, 2147483647, 2147483647)
[2946937.090]  -> wl_surface@37.commit()
[2946937.093]  -> wl_display@1.sync(new id wl_callback@47)
[2946937.367] wl_display@1.delete_id(47)
[2946937.381] wl_callback@49.done(6546942)
[2946937.381] wl_display@1.delete_id(49)
[2946959.147] wl_buffer@38.release()
[2946959.156] wl_callback@47.done(194)
[2946959.169]  -> wl_surface@37.frame(new id wl_callback@47)
[2946959.216]  -> wl_surface@37.attach(wl_buffer@38, 0, 0)
[2946959.219]  -> wl_surface@37.damage(0, 0, 2147483647, 2147483647)
[2946959.222]  -> wl_surface@37.commit()
[2946959.224]  -> wl_display@1.sync(new id wl_callback@49)
[2946959.433] wl_display@1.delete_id(49)
[2946959.448] wl_display@1.delete_id(47)
[2946959.455] wl_callback@47.done(6546964)
[2946993.521] wl_buffer@42.release()
[2946993.532] wl_callback@49.done(194)
[2946993.545]  -> wl_surface@37.frame(new id wl_callback@49)
[2946993.591]  -> wl_surface@37.attach(wl_buffer@42, 0, 0)
[2946993.594]  -> wl_surface@37.damage(0, 0, 2147483647, 2147483647)
[2946993.596]  -> wl_surface@37.commit()
[2946993.599]  -> wl_display@1.sync(new id wl_callback@47)
[2946993.876] wl_display@1.delete_id(47)
[2946993.891] wl_display@1.delete_id(49)
[2946993.895] wl_callback@49.done(6546998)
[2947026.631] wl_buffer@38.release()
[2947026.641] wl_callback@47.done(194)
[2947026.655]  -> wl_surface@37.frame(new id wl_callback@47)
[2947026.694]  -> wl_surface@37.attach(wl_buffer@38, 0, 0)
[2947026.698]  -> wl_surface@37.damage(0, 0, 2147483647, 2147483647)
[2947026.700]  -> wl_surface@37.commit()
[2947026.702]  -> wl_display@1.sync(new id wl_callback@49)
[2947026.830] wl_display@1.delete_id(49)
[2947026.843] wl_display@1.delete_id(47)
[2947026.849] wl_callback@47.done(6547031)
[2947059.720] wl_buffer@42.release()
[2947059.729] wl_callback@49.done(194)
[2947059.742]  -> wl_surface@37.frame(new id wl_callback@49)
[2947059.789]  -> wl_surface@37.attach(wl_buffer@42, 0, 0)
[2947059.793]  -> wl_surface@37.damage(0, 0, 2147483647, 2147483647)
[2947059.795]  -> wl_surface@37.commit()
[2947059.797]  -> wl_display@1.sync(new id wl_callback@47)
[2947060.058] wl_display@1.delete_id(47)
[2947060.075] wl_display@1.delete_id(49)
[2947060.080] wl_callback@49.done(6547064)
[2947093.002] wl_buffer@38.release()
[2947093.012] wl_callback@47.done(194)
[2947093.025]  -> wl_surface@37.frame(new id wl_callback@47)
[2947093.072]  -> wl_surface@37.attach(wl_buffer@38, 0, 0)
[2947093.076]  -> wl_surface@37.damage(0, 0, 2147483647, 2147483647)
[2947093.078]  -> wl_surface@37.commit()
[2947093.080]  -> wl_display@1.sync(new id wl_callback@49)
[2947093.122] wl_display@1.delete_id(49)
[2947098.680] wl_display@1.delete_id(47)
[2947098.695] wl_callback@47.done(6547103)
[2947126.907] wl_buffer@42.release()
[2947126.917] wl_callback@49.done(194)
[2947126.930]  -> wl_surface@37.frame(new id wl_callback@49)
[2947126.977]  -> wl_surface@37.attach(wl_buffer@42, 0, 0)
[2947126.981]  -> wl_surface@37.damage(0, 0, 2147483647, 2147483647)
[2947126.983]  -> wl_surface@37.commit()
[2947126.986]  -> wl_display@1.sync(new id wl_callback@47)
[2947127.026] wl_display@1.delete_id(47)
[2947128.967] wl_display@1.delete_id(49)
[2947128.977] wl_callback@49.done(6547133)
[2947160.826] wl_buffer@38.release()
[2947160.836] wl_callback@47.done(194)
[2947160.850]  -> wl_surface@37.frame(new id wl_callback@47)
[2947160.892]  -> wl_surface@37.attach(wl_buffer@38, 0, 0)
[2947160.896]  -> wl_surface@37.damage(0, 0, 2147483647, 2147483647)
[2947160.898]  -> wl_surface@37.commit()
[2947160.900]  -> wl_display@1.sync(new id wl_callback@49)
[2947161.163] wl_display@1.delete_id(49)
[2947161.180] wl_display@1.delete_id(47)
[2947161.185] wl_callback@47.done(6547165)
[2947194.085] wl_buffer@42.release()
[2947194.095] wl_callback@49.done(194)
[2947194.108]  -> wl_surface@37.frame(new id wl_callback@49)
[2947194.155]  -> wl_surface@37.attach(wl_buffer@42, 0, 0)
[2947194.158]  -> wl_surface@37.damage(0, 0, 2147483647, 2147483647)
[2947194.161]  -> wl_surface@37.commit()
[2947194.164]  -> wl_display@1.sync(new id wl_callback@47)
[2947194.443] wl_display@1.delete_id(47)
[2947194.459] wl_display@1.delete_id(49)
[2947194.463] wl_callback@49.done(6547199)
[2947227.340] wl_buffer@38.release()
[2947227.350] wl_callback@47.done(194)
[2947227.363]  -> wl_surface@37.frame(new id wl_callback@47)
[2947227.399]  -> wl_surface@37.attach(wl_buffer@38, 0, 0)
[2947227.402]  -> wl_surface@37.damage(0, 0, 2147483647, 2147483647)
[2947227.404]  -> wl_surface@37.commit()
[2947227.407]  -> wl_display@1.sync(new id wl_callback@49)
[2947227.712] wl_display@1.delete_id(49)
[2947227.726] wl_display@1.delete_id(47)
[2947227.730] wl_callback@47.done(6547232)
[2947247.344] wl_buffer@42.release()
[2947247.354] wl_callback@49.done(194)
[2947247.372]  -> wl_surface@37.frame(new id wl_callback@49)
[2947247.420]  -> wl_surface@37.attach(wl_buffer@42, 0, 0)
[2947247.423]  -> wl_surface@37.damage(0, 0, 2147483647, 2147483647)
[2947247.425]  -> wl_surface@37.commit()
[2947247.428]  -> wl_display@1.sync(new id wl_callback@47)
[2947247.633] wl_display@1.delete_id(47)
[2947247.647] wl_display@1.delete_id(49)
[2947247.651] wl_callback@49.done(6547252)
[2947260.300] wl_buffer@38.release()
[2947260.310] wl_callback@47.done(194)
[2947260.326]  -> wl_surface@37.frame(new id wl_callback@47)
[2947260.373]  -> wl_surface@37.attach(wl_buffer@38, 0, 0)
[2947260.376]  -> wl_surface@37.damage(0, 0, 2147483647, 2147483647)
[2947260.379]  -> wl_surface@37.commit()
[2947260.381]  -> wl_display@1.sync(new id wl_callback@49)
[2947260.663] wl_display@1.delete_id(49)
[2947260.677] wl_display@1.delete_id(47)
[2947260.681] wl_callback@47.done(6547265)
[2947293.257] wl_buffer@42.release()
[2947293.267] wl_callback@49.done(194)
[2947293.280]  -> wl_surface@37.frame(new id wl_callback@49)
[2947293.331]  -> wl_surface@37.attach(wl_buffer@42, 0, 0)
[2947293.334]  -> wl_surface@37.damage(0, 0, 2147483647, 2147483647)
[2947293.337]  -> wl_surface@37.commit()
[2947293.339]  -> wl_display@1.sync(new id wl_callback@47)
[2947293.544] wl_display@1.delete_id(47)
[2947293.558] wl_display@1.delete_id(49)
[2947293.563] wl_callback@49.done(6547298)
[2947300.760] wl_keyboard@19.leave(195, wl_surface@37)
[2947300.779]  -> wl_display@1.sync(new id wl_callback@49)
[2947300.785] xdg_toplevel@32.configure(1278, 1406, array[16])
[2947300.790] xdg_surface@33.configure(196)
[2947300.812]  -> wp_viewport@39.set_destination(1296, 1424)
[2947300.818]  -> xdg_surface@33.set_window_geometry(9, 8, 1278, 1406)
[2947300.822]  -> xdg_surface@33.ack_configure(196)
[2947300.844] wl_display@1.delete_id(49)
[2947304.781] wl_buffer@38.release()
[2947304.790] wl_callback@47.done(194)
[2947304.803]  -> wl_surface@37.frame(new id wl_callback@47)
[2947304.836]  -> wl_surface@37.attach(wl_buffer@38, 0, 0)
[2947304.839]  -> wl_surface@37.damage(0, 0, 2147483647, 2147483647)
[2947304.842]  -> wl_surface@37.commit()
[2947304.843]  -> wl_display@1.sync(new id wl_callback@45)
[2947304.852] wl_callback@49.done(200)
[2947304.886] wl_display@1.delete_id(45)
[2947306.576] wl_buffer@42.release()
[2947306.585] wl_callback@45.done(200)
[2947306.617]  -> wl_surface@37.attach(wl_buffer@42, 0, 0)
[2947306.621]  -> wl_surface@37.damage(0, 0, 2147483647, 2147483647)
[2947306.623]  -> wl_surface@37.commit()
[2947306.625]  -> wl_display@1.sync(new id wl_callback@45)
[2947306.661] wl_display@1.delete_id(45)
[2947310.694] wl_display@1.delete_id(47)
[2947310.707] wl_callback@47.done(6547315)
[2947315.269] wl_buffer@38.release()
[2947315.279] wl_callback@45.done(200)
[2947315.292]  -> wl_surface@37.frame(new id wl_callback@45)
[2947315.318]  -> wl_surface@37.attach(wl_buffer@38, 0, 0)
[2947315.321]  -> wl_surface@37.damage(0, 0, 2147483647, 2147483647)
[2947315.324]  -> wl_surface@37.commit()
[2947315.326]  -> wl_display@1.sync(new id wl_callback@47)
[2947315.367] wl_display@1.delete_id(47)
[2947316.464] wl_display@1.delete_id(45)
[2947316.474] wl_callback@45.done(6547321)
[2947323.801] wl_buffer@42.release()
[2947323.811] wl_callback@47.done(200)
[2947323.824]  -> wl_surface@37.frame(new id wl_callback@47)
[2947323.849]  -> wl_surface@37.attach(wl_buffer@42, 0, 0)
[2947323.857]  -> wl_surface@37.damage(0, 0, 2147483647, 2147483647)
[2947323.860]  -> wl_surface@37.commit()
[2947323.862]  -> wl_display@1.sync(new id wl_callback@45)
[2947324.121] wl_display@1.delete_id(45)
[2947324.136] wl_display@1.delete_id(47)
[2947324.140] wl_callback@47.done(6547328)
[2947326.673] wl_buffer@38.release()
[2947326.683] wl_callback@45.done(200)
[2947326.696]  -> wl_surface@37.frame(new id wl_callback@45)
[2947326.721]  -> wl_surface@37.attach(wl_buffer@38, 0, 0)
[2947326.724]  -> wl_surface@37.damage(0, 0, 2147483647, 2147483647)
[2947326.727]  -> wl_surface@37.commit()
[2947326.729]  -> wl_display@1.sync(new id wl_callback@47)
[2947326.769] wl_display@1.delete_id(47)
[2947328.848] wl_display@1.delete_id(45)
[2947328.863] wl_callback@45.done(6547333)
[2947332.157] wl_buffer@42.release()
[2947332.167] wl_callback@47.done(200)
[2947332.180]  -> wl_surface@37.frame(new id wl_callback@47)
[2947332.206]  -> wl_surface@37.attach(wl_buffer@42, 0, 0)
[2947332.209]  -> wl_surface@37.damage(0, 0, 2147483647, 2147483647)
[2947332.211]  -> wl_surface@37.commit()
[2947332.213]  -> wl_display@1.sync(new id wl_callback@45)
[2947332.259] wl_display@1.delete_id(45)
[2947334.907] wl_display@1.delete_id(47)
[2947334.920] wl_callback@47.done(6547339)
[2947340.690] wl_buffer@38.release()
[2947340.700] wl_callback@45.done(200)
[2947340.712]  -> wl_surface@37.frame(new id wl_callback@45)
[2947340.735]  -> wl_surface@37.attach(wl_buffer@38, 0, 0)
[2947340.738]  -> wl_surface@37.damage(0, 0, 2147483647, 2147483647)
[2947340.740]  -> wl_surface@37.commit()
[2947340.742]  -> wl_display@1.sync(new id wl_callback@47)
[2947340.782] wl_display@1.delete_id(47)
[2947340.965] wl_display@1.delete_id(45)
[2947340.978] wl_callback@45.done(6547345)
[2947349.672] wl_buffer@42.release()
[2947349.682] wl_callback@47.done(200)
[2947349.695]  -> wl_surface@37.frame(new id wl_callback@47)
[2947349.719]  -> wl_surface@37.attach(wl_buffer@42, 0, 0)
[2947349.722]  -> wl_surface@37.damage(0, 0, 2147483647, 2147483647)
[2947349.725]  -> wl_surface@37.commit()
[2947349.727]  -> wl_display@1.sync(new id wl_callback@45)
[2947350.002] wl_display@1.delete_id(45)
[2947350.017] wl_callback@47.done(6547354)
[2947350.005] wl_display@1.delete_id(47)
[2947358.786] wl_buffer@38.release()
[2947358.795] wl_callback@45.done(200)
[2947358.809]  -> wl_surface@37.frame(new id wl_callback@45)
[2947358.835]  -> wl_surface@37.attach(wl_buffer@38, 0, 0)
[2947358.838]  -> wl_surface@37.damage(0, 0, 2147483647, 2147483647)
[2947358.840]  -> wl_surface@37.commit()
[2947358.842]  -> wl_display@1.sync(new id wl_callback@47)
[2947359.082] wl_display@1.delete_id(47)
[2947359.098] wl_display@1.delete_id(45)
[2947359.102] wl_callback@45.done(6547363)
[2947366.669] wl_buffer@42.release()
[2947366.680] wl_callback@47.done(200)
[2947366.693]  -> wl_surface@37.frame(new id wl_callback@47)
[2947366.716]  -> wl_surface@37.attach(wl_buffer@42, 0, 0)
[2947366.719]  -> wl_surface@37.damage(0, 0, 2147483647, 2147483647)
[2947366.722]  -> wl_surface@37.commit()
[2947366.724]  -> wl_display@1.sync(new id wl_callback@45)
[2947366.999] wl_display@1.delete_id(45)
[2947367.013] wl_display@1.delete_id(47)
[2947367.017] wl_callback@47.done(6547371)
[2947375.785] wl_buffer@38.release()
[2947375.795] wl_callback@45.done(200)
[2947375.808]  -> wl_surface@37.frame(new id wl_callback@45)
[2947375.834]  -> wl_surface@37.attach(wl_buffer@38, 0, 0)
[2947375.838]  -> wl_surface@37.damage(0, 0, 2147483647, 2147483647)
[2947375.840]  -> wl_surface@37.commit()
[2947375.843]  -> wl_display@1.sync(new id wl_callback@47)
[2947376.123] wl_display@1.delete_id(47)
[2947376.138] wl_display@1.delete_id(45)
[2947376.142] wl_callback@45.done(6547380)
[2947383.793] wl_buffer@42.release()
[2947383.803] wl_callback@47.done(200)
[2947383.816]  -> wl_surface@37.frame(new id wl_callback@47)
[2947383.842]  -> wl_surface@37.attach(wl_buffer@42, 0, 0)
[2947383.846]  -> wl_surface@37.damage(0, 0, 2147483647, 2147483647)
[2947383.848]  -> wl_surface@37.commit()
[2947383.850]  -> wl_display@1.sync(new id wl_callback@45)
[2947383.990] wl_display@1.delete_id(45)
[2947384.005] wl_display@1.delete_id(47)
[2947384.009] wl_callback@47.done(6547388)
[2947392.630] wl_buffer@38.release()
[2947392.640] wl_callback@45.done(200)
[2947392.653]  -> wl_surface@37.frame(new id wl_callback@45)
[2947392.680]  -> wl_surface@37.attach(wl_buffer@38, 0, 0)
[2947392.683]  -> wl_surface@37.damage(0, 0, 2147483647, 2147483647)
[2947392.685]  -> wl_surface@37.commit()
[2947392.687]  -> wl_display@1.sync(new id wl_callback@47)
[2947392.970] wl_display@1.delete_id(47)
[2947392.984] wl_display@1.delete_id(45)
[2947392.988] wl_callback@45.done(6547397)
[2947401.689] wl_buffer@42.release()
[2947401.699] wl_callback@47.done(200)
[2947401.712]  -> wl_surface@37.frame(new id wl_callback@47)
[2947401.739]  -> wl_surface@37.attach(wl_buffer@42, 0, 0)
[2947401.742]  -> wl_surface@37.damage(0, 0, 2147483647, 2147483647)
[2947401.745]  -> wl_surface@37.commit()
[2947401.747]  -> wl_display@1.sync(new id wl_callback@45)
[2947401.886] wl_display@1.delete_id(45)
[2947401.901] wl_display@1.delete_id(47)
[2947401.906] wl_callback@47.done(6547406)
[2947409.726] wl_buffer@38.release()
[2947409.736] wl_callback@45.done(201)
[2947409.749]  -> wl_surface@37.frame(new id wl_callback@45)
[2947409.776]  -> wl_surface@37.attach(wl_buffer@38, 0, 0)
[2947409.779]  -> wl_surface@37.damage(0, 0, 2147483647, 2147483647)
[2947409.781]  -> wl_surface@37.commit()
[2947409.783]  -> wl_display@1.sync(new id wl_callback@47)
[2947410.053] wl_display@1.delete_id(47)
[2947410.067] wl_callback@45.done(6547414)
[2947410.067] wl_display@1.delete_id(45)
[2947418.735] wl_buffer@42.release()
[2947418.745] wl_callback@47.done(201)
[2947418.758]  -> wl_surface@37.frame(new id wl_callback@47)
[2947418.784]  -> wl_surface@37.attach(wl_buffer@42, 0, 0)
[2947418.787]  -> wl_surface@37.damage(0, 0, 2147483647, 2147483647)
[2947418.789]  -> wl_surface@37.commit()
[2947418.792]  -> wl_display@1.sync(new id wl_callback@45)
[2947419.072] wl_display@1.delete_id(45)
[2947419.086] wl_display@1.delete_id(47)
[2947419.090] wl_callback@47.done(6547423)
[2947427.733] wl_buffer@38.release()
[2947427.744] wl_callback@45.done(203)
[2947427.757]  -> wl_surface@37.frame(new id wl_callback@45)
[2947427.781]  -> wl_surface@37.attach(wl_buffer@38, 0, 0)
[2947427.785]  -> wl_surface@37.damage(0, 0, 2147483647, 2147483647)
[2947427.787]  -> wl_surface@37.commit()
[2947427.789]  -> wl_display@1.sync(new id wl_callback@47)
[2947428.056] wl_display@1.delete_id(47)
[2947428.070] wl_display@1.delete_id(45)
[2947428.075] wl_callback@45.done(6547432)
[2947436.411] wl_buffer@42.release()
[2947436.421] wl_callback@47.done(203)
[2947436.434]  -> wl_surface@37.frame(new id wl_callback@47)
[2947436.468]  -> wl_surface@37.attach(wl_buffer@42, 0, 0)
[2947436.471]  -> wl_surface@37.damage(0, 0, 2147483647, 2147483647)
[2947436.473]  -> wl_surface@37.commit()
[2947436.475]  -> wl_display@1.sync(new id wl_callback@45)
[2947436.518] wl_display@1.delete_id(45)
[2947437.618] wl_display@1.delete_id(47)
[2947437.627] wl_callback@47.done(6547442)
[2947444.893] wl_buffer@38.release()
[2947444.903] wl_callback@45.done(203)
[2947444.915]  -> wl_surface@37.frame(new id wl_callback@45)
[2947444.939]  -> wl_surface@37.attach(wl_buffer@38, 0, 0)
[2947444.942]  -> wl_surface@37.damage(0, 0, 2147483647, 2147483647)
[2947444.944]  -> wl_surface@37.commit()
[2947444.946]  -> wl_display@1.sync(new id wl_callback@47)
[2947445.049] wl_display@1.delete_id(47)
[2947445.056] wl_display@1.delete_id(45)
[2947445.065] wl_callback@45.done(6547449)
[2947453.694] wl_buffer@42.release()
[2947453.703] wl_callback@47.done(203)
[2947453.715]  -> wl_surface@37.frame(new id wl_callback@47)
[2947453.740]  -> wl_surface@37.attach(wl_buffer@42, 0, 0)
[2947453.743]  -> wl_surface@37.damage(0, 0, 2147483647, 2147483647)
[2947453.745]  -> wl_surface@37.commit()
[2947453.747]  -> wl_display@1.sync(new id wl_callback@45)
[2947454.016] wl_display@1.delete_id(45)
[2947454.020] wl_display@1.delete_id(47)
[2947454.032] wl_callback@47.done(6547458)
[2947462.372] wl_buffer@38.release()
[2947462.386] wl_callback@45.done(203)
[2947462.398]  -> wl_surface@37.frame(new id wl_callback@45)
[2947462.422]  -> wl_surface@37.attach(wl_buffer@38, 0, 0)
[2947462.425]  -> wl_surface@37.damage(0, 0, 2147483647, 2147483647)
[2947462.427]  -> wl_surface@37.commit()
[2947462.429]  -> wl_display@1.sync(new id wl_callback@47)
[2947462.531] wl_display@1.delete_id(47)
[2947462.541] wl_display@1.delete_id(45)
[2947462.547] wl_callback@45.done(6547467)
